** Daemonized, any open files are closed.  Look at tmp/pids/mongrel.5003.pid and log/mongrel.5003.log for info.
** Starting Mongrel listening at 0.0.0.0:5003
** Starting Rails with development environment...
** Rails loaded.
** Loading any Rails specific GemPlugins
** Signals ready.  TERM => stop.  USR2 => restart.  INT => stop (no restart).
** Rails signals registered.  HUP => reload (without restart).  It might not work well.
** Mongrel available at 0.0.0.0:5003
** Writing PID file to tmp/pids/mongrel.5003.pid
** TERM signal received.
** Daemonized, any open files are closed.  Look at tmp/pids/mongrel.5003.pid and log/mongrel.5003.log for info.
** Starting Mongrel listening at 0.0.0.0:5003
** Starting Rails with development environment...
** Rails loaded.
** Loading any Rails specific GemPlugins
** Signals ready.  TERM => stop.  USR2 => restart.  INT => stop (no restart).
** Rails signals registered.  HUP => reload (without restart).  It might not work well.
** Mongrel available at 0.0.0.0:5003
** Writing PID file to tmp/pids/mongrel.5003.pid
** TERM signal received.
** Daemonized, any open files are closed.  Look at tmp/pids/mongrel.5003.pid and log/mongrel.5003.log for info.
** Starting Mongrel listening at 0.0.0.0:5003
** Starting Rails with development environment...
** Rails loaded.
** Loading any Rails specific GemPlugins
** Signals ready.  TERM => stop.  USR2 => restart.  INT => stop (no restart).
** Rails signals registered.  HUP => reload (without restart).  It might not work well.
** Mongrel available at 0.0.0.0:5003
** Writing PID file to tmp/pids/mongrel.5003.pid
** TERM signal received.
** Daemonized, any open files are closed.  Look at tmp/pids/mongrel.5003.pid and log/mongrel.5003.log for info.
** Starting Mongrel listening at 0.0.0.0:5003
** Starting Rails with development environment...
** Rails loaded.
** Loading any Rails specific GemPlugins
** Signals ready.  TERM => stop.  USR2 => restart.  INT => stop (no restart).
** Rails signals registered.  HUP => reload (without restart).  It might not work well.
** Mongrel available at 0.0.0.0:5003
** Writing PID file to tmp/pids/mongrel.5003.pid
** TERM signal received.
** Daemonized, any open files are closed.  Look at tmp/pids/mongrel.5003.pid and log/mongrel.5003.log for info.
** Starting Mongrel listening at 0.0.0.0:5003
** Starting Rails with development environment...
/home/david/workspace/railscoder/config/routes.rb:41: undefined local variable or method `user' for main:Object (NameError)
	from /usr/lib/ruby/gems/1.8/gems/activesupport-2.1.0/lib/active_support/core_ext/object/misc.rb:48:in `with_options'
	from /usr/lib/ruby/gems/1.8/gems/actionpack-2.1.0/lib/action_controller/resources.rb:441:in `map_resource'
	from /usr/lib/ruby/gems/1.8/gems/activesupport-2.1.0/lib/active_support/core_ext/object/misc.rb:48:in `with_options'
	from /usr/lib/ruby/gems/1.8/gems/actionpack-2.1.0/lib/action_controller/resources.rb:432:in `map_resource'
	from /usr/lib/ruby/gems/1.8/gems/actionpack-2.1.0/lib/action_controller/resources.rb:351:in `resources'
	from /usr/lib/ruby/gems/1.8/gems/actionpack-2.1.0/lib/action_controller/resources.rb:351:in `each'
	from /usr/lib/ruby/gems/1.8/gems/actionpack-2.1.0/lib/action_controller/resources.rb:351:in `resources'
	from /home/david/workspace/railscoder/config/routes.rb:39
	 ... 25 levels...
	from /usr/lib/ruby/1.8/mongrel/command.rb:211:in `run'
	from /usr/lib/ruby/gems/1.8/gems/swiftiply-0.6.1.1/bin/mongrel_rails:252
	from /usr/bin/mongrel_rails:19:in `load'
	from /usr/bin/mongrel_rails:19
** Daemonized, any open files are closed.  Look at tmp/pids/mongrel.5003.pid and log/mongrel.5003.log for info.
** Starting Mongrel listening at 0.0.0.0:5003
** Starting Rails with development environment...
** Rails loaded.
** Loading any Rails specific GemPlugins
** Signals ready.  TERM => stop.  USR2 => restart.  INT => stop (no restart).
** Rails signals registered.  HUP => reload (without restart).  It might not work well.
** Mongrel available at 0.0.0.0:5003
** Writing PID file to tmp/pids/mongrel.5003.pid
** TERM signal received.
** Daemonized, any open files are closed.  Look at tmp/pids/mongrel.5003.pid and log/mongrel.5003.log for info.
** Starting Mongrel listening at 0.0.0.0:5003
** Starting Rails with development environment...
** Rails loaded.
** Loading any Rails specific GemPlugins
** Signals ready.  TERM => stop.  USR2 => restart.  INT => stop (no restart).
** Rails signals registered.  HUP => reload (without restart).  It might not work well.
** Mongrel available at 0.0.0.0:5003
** Writing PID file to tmp/pids/mongrel.5003.pid
** TERM signal received.
** Daemonized, any open files are closed.  Look at tmp/pids/mongrel.5003.pid and log/mongrel.5003.log for info.
** Starting Mongrel listening at 0.0.0.0:5003
** Starting Rails with development environment...
** Rails loaded.
** Loading any Rails specific GemPlugins
** Signals ready.  TERM => stop.  USR2 => restart.  INT => stop (no restart).
** Rails signals registered.  HUP => reload (without restart).  It might not work well.
** Mongrel available at 0.0.0.0:5003
** Writing PID file to tmp/pids/mongrel.5003.pid
** TERM signal received.
** Daemonized, any open files are closed.  Look at tmp/pids/mongrel.5003.pid and log/mongrel.5003.log for info.
** Starting Mongrel listening at 0.0.0.0:5003
** Starting Rails with development environment...
** Rails loaded.
** Loading any Rails specific GemPlugins
** Signals ready.  TERM => stop.  USR2 => restart.  INT => stop (no restart).
** Rails signals registered.  HUP => reload (without restart).  It might not work well.
** Mongrel available at 0.0.0.0:5003
** Writing PID file to tmp/pids/mongrel.5003.pid
** TERM signal received.
** Daemonized, any open files are closed.  Look at tmp/pids/mongrel.5003.pid and log/mongrel.5003.log for info.
** Starting Mongrel listening at 0.0.0.0:5003
** Starting Rails with development environment...
** Rails loaded.
** Loading any Rails specific GemPlugins
** Signals ready.  TERM => stop.  USR2 => restart.  INT => stop (no restart).
** Rails signals registered.  HUP => reload (without restart).  It might not work well.
** Mongrel available at 0.0.0.0:5003
** Writing PID file to tmp/pids/mongrel.5003.pid
** Daemonized, any open files are closed.  Look at tmp/pids/mongrel.5003.pid and log/mongrel.5003.log for info.
** Starting Mongrel listening at 0.0.0.0:5003
** Starting Rails with development environment...
** Rails loaded.
** Loading any Rails specific GemPlugins
** Signals ready.  TERM => stop.  USR2 => restart.  INT => stop (no restart).
** Rails signals registered.  HUP => reload (without restart).  It might not work well.
** Mongrel available at 0.0.0.0:5003
** Writing PID file to tmp/pids/mongrel.5003.pid
** TERM signal received.
** Daemonized, any open files are closed.  Look at tmp/pids/mongrel.5003.pid and log/mongrel.5003.log for info.
** Starting Mongrel listening at 0.0.0.0:5003
** Starting Rails with development environment...
/usr/lib/ruby/gems/1.8/gems/actionpack-2.1.0/lib/action_controller/dispatcher.rb:93: undefined method `cattr_accessor' for ActionController::Dispatcher:Class (NoMethodError)
	from /usr/local/lib/site_ruby/1.8/rubygems/custom_require.rb:27:in `gem_original_require'
	from /usr/local/lib/site_ruby/1.8/rubygems/custom_require.rb:27:in `require'
	from /usr/lib/ruby/gems/1.8/gems/rails-2.1.0/lib/dispatcher.rb:23
	from /usr/local/lib/site_ruby/1.8/rubygems/custom_require.rb:32:in `gem_original_require'
	from /usr/local/lib/site_ruby/1.8/rubygems/custom_require.rb:32:in `require'
	from /usr/lib/ruby/1.8/mongrel/rails.rb:156:in `rails'
	from /usr/lib/ruby/gems/1.8/gems/swiftiply-0.6.1.1/bin/mongrel_rails:121:in `cloaker_'
	from /usr/lib/ruby/1.8/mongrel/configurator.rb:138:in `call'
	 ... 6 levels...
	from /usr/lib/ruby/1.8/mongrel/command.rb:211:in `run'
	from /usr/lib/ruby/gems/1.8/gems/swiftiply-0.6.1.1/bin/mongrel_rails:252
	from /usr/bin/mongrel_rails:19:in `load'
	from /usr/bin/mongrel_rails:19
** Daemonized, any open files are closed.  Look at tmp/pids/mongrel.5003.pid and log/mongrel.5003.log for info.
** Starting Mongrel listening at 0.0.0.0:5003
** Starting Rails with development environment...
/usr/lib/ruby/gems/1.8/gems/actionpack-2.1.0/lib/action_controller/dispatcher.rb:93: undefined method `cattr_accessor' for ActionController::Dispatcher:Class (NoMethodError)
	from /usr/local/lib/site_ruby/1.8/rubygems/custom_require.rb:27:in `gem_original_require'
	from /usr/local/lib/site_ruby/1.8/rubygems/custom_require.rb:27:in `require'
	from /usr/lib/ruby/gems/1.8/gems/rails-2.1.0/lib/dispatcher.rb:23
	from /usr/local/lib/site_ruby/1.8/rubygems/custom_require.rb:32:in `gem_original_require'
	from /usr/local/lib/site_ruby/1.8/rubygems/custom_require.rb:32:in `require'
	from /usr/lib/ruby/1.8/mongrel/rails.rb:156:in `rails'
	from /usr/lib/ruby/gems/1.8/gems/swiftiply-0.6.1.1/bin/mongrel_rails:121:in `cloaker_'
	from /usr/lib/ruby/1.8/mongrel/configurator.rb:138:in `call'
	 ... 6 levels...
	from /usr/lib/ruby/1.8/mongrel/command.rb:211:in `run'
	from /usr/lib/ruby/gems/1.8/gems/swiftiply-0.6.1.1/bin/mongrel_rails:252
	from /usr/bin/mongrel_rails:19:in `load'
	from /usr/bin/mongrel_rails:19
** Daemonized, any open files are closed.  Look at tmp/pids/mongrel.5003.pid and log/mongrel.5003.log for info.
** Starting Mongrel listening at 0.0.0.0:5003
** Starting Rails with development environment...
/usr/lib/ruby/gems/1.8/gems/actionpack-2.1.0/lib/action_controller/dispatcher.rb:93: undefined method `cattr_accessor' for ActionController::Dispatcher:Class (NoMethodError)
	from /usr/local/lib/site_ruby/1.8/rubygems/custom_require.rb:27:in `gem_original_require'
	from /usr/local/lib/site_ruby/1.8/rubygems/custom_require.rb:27:in `require'
	from /usr/lib/ruby/gems/1.8/gems/rails-2.1.0/lib/dispatcher.rb:23
	from /usr/local/lib/site_ruby/1.8/rubygems/custom_require.rb:32:in `gem_original_require'
	from /usr/local/lib/site_ruby/1.8/rubygems/custom_require.rb:32:in `require'
	from /usr/lib/ruby/1.8/mongrel/rails.rb:156:in `rails'
	from /usr/lib/ruby/gems/1.8/gems/swiftiply-0.6.1.1/bin/mongrel_rails:121:in `cloaker_'
	from /usr/lib/ruby/1.8/mongrel/configurator.rb:138:in `call'
	 ... 6 levels...
	from /usr/lib/ruby/1.8/mongrel/command.rb:211:in `run'
	from /usr/lib/ruby/gems/1.8/gems/swiftiply-0.6.1.1/bin/mongrel_rails:252
	from /usr/bin/mongrel_rails:19:in `load'
	from /usr/bin/mongrel_rails:19
** Daemonized, any open files are closed.  Look at tmp/pids/mongrel.5003.pid and log/mongrel.5003.log for info.
** Starting Mongrel listening at 0.0.0.0:5003
** Starting Rails with development environment...
** Rails loaded.
** Loading any Rails specific GemPlugins
** Signals ready.  TERM => stop.  USR2 => restart.  INT => stop (no restart).
** Rails signals registered.  HUP => reload (without restart).  It might not work well.
** Mongrel available at 0.0.0.0:5003
** Writing PID file to tmp/pids/mongrel.5003.pid
** TERM signal received.
** Daemonized, any open files are closed.  Look at tmp/pids/mongrel.5003.pid and log/mongrel.5003.log for info.
** Starting Mongrel listening at 0.0.0.0:5003
** Starting Rails with development environment...
** Rails loaded.
** Loading any Rails specific GemPlugins
** Signals ready.  TERM => stop.  USR2 => restart.  INT => stop (no restart).
** Rails signals registered.  HUP => reload (without restart).  It might not work well.
** Mongrel available at 0.0.0.0:5003
** Writing PID file to tmp/pids/mongrel.5003.pid
** TERM signal received.
** Daemonized, any open files are closed.  Look at tmp/pids/mongrel.5003.pid and log/mongrel.5003.log for info.
** Starting Mongrel listening at 0.0.0.0:5003
** Starting Rails with development environment...
** Rails loaded.
** Loading any Rails specific GemPlugins
** Signals ready.  TERM => stop.  USR2 => restart.  INT => stop (no restart).
** Rails signals registered.  HUP => reload (without restart).  It might not work well.
** Mongrel available at 0.0.0.0:5003
** Writing PID file to tmp/pids/mongrel.5003.pid
** TERM signal received.
** Daemonized, any open files are closed.  Look at tmp/pids/mongrel.5003.pid and log/mongrel.5003.log for info.
** Starting Mongrel listening at 127.0.0.1:5003
** Starting Rails with production environment...
/usr/local/lib/site_ruby/1.8/rubygems/version.rb:81: [BUG] Segmentation fault
ruby 1.8.6 (2007-09-24) [i486-linux]

** Daemonized, any open files are closed.  Look at tmp/pids/mongrel.5003.pid and log/mongrel.5003.log for info.
** Starting Mongrel listening at 127.0.0.1:5003
** Starting Rails with production environment...
/usr/lib/ruby/gems/1.8/gems/activerecord-2.1.0/lib/active_record/connection_adapters/abstract/connection_specification.rb:218:in `establish_connection': production database is not configured (ActiveRecord::AdapterNotSpecified)
	from /usr/lib/ruby/gems/1.8/gems/activerecord-2.1.0/lib/active_record/connection_adapters/abstract/connection_specification.rb:209:in `establish_connection'
	from /usr/lib/ruby/gems/1.8/gems/rails-2.1.0/lib/initializer.rb:332:in `initialize_database'
	from /usr/lib/ruby/gems/1.8/gems/rails-2.1.0/lib/initializer.rb:120:in `process'
	from /usr/lib/ruby/gems/1.8/gems/rails-2.1.0/lib/initializer.rb:93:in `send'
	from /usr/lib/ruby/gems/1.8/gems/rails-2.1.0/lib/initializer.rb:93:in `run'
	from /home/mitnik/radrails_project/railscode/config/environment.rb:13
	from /usr/local/lib/site_ruby/1.8/rubygems/custom_require.rb:27:in `gem_original_require'
	from /usr/local/lib/site_ruby/1.8/rubygems/custom_require.rb:27:in `require'
	 ... 9 levels...
	from /usr/lib/ruby/1.8/mongrel/command.rb:212:in `run'
	from /usr/lib/ruby/gems/1.8/gems/swiftiply-0.6.1.1/bin/mongrel_rails:252
	from /usr/bin/mongrel_rails:19:in `load'
	from /usr/bin/mongrel_rails:19
** Daemonized, any open files are closed.  Look at tmp/pids/mongrel.5003.pid and log/mongrel.5003.log for info.
** Starting Mongrel listening at 127.0.0.1:5003
** Starting Rails with production environment...
/usr/lib/ruby/gems/1.8/gems/activerecord-2.1.0/lib/active_record/connection_adapters/abstract/connection_specification.rb:218:in `establish_connection': production database is not configured (ActiveRecord::AdapterNotSpecified)
	from /usr/lib/ruby/gems/1.8/gems/activerecord-2.1.0/lib/active_record/connection_adapters/abstract/connection_specification.rb:209:in `establish_connection'
	from /usr/lib/ruby/gems/1.8/gems/rails-2.1.0/lib/initializer.rb:332:in `initialize_database'
	from /usr/lib/ruby/gems/1.8/gems/rails-2.1.0/lib/initializer.rb:120:in `process'
	from /usr/lib/ruby/gems/1.8/gems/rails-2.1.0/lib/initializer.rb:93:in `send'
	from /usr/lib/ruby/gems/1.8/gems/rails-2.1.0/lib/initializer.rb:93:in `run'
	from /home/mitnik/radrails_project/railscode/config/environment.rb:13
	from /usr/local/lib/site_ruby/1.8/rubygems/custom_require.rb:27:in `gem_original_require'
	from /usr/local/lib/site_ruby/1.8/rubygems/custom_require.rb:27:in `require'
	 ... 9 levels...
	from /usr/lib/ruby/1.8/mongrel/command.rb:212:in `run'
	from /usr/lib/ruby/gems/1.8/gems/swiftiply-0.6.1.1/bin/mongrel_rails:252
	from /usr/bin/mongrel_rails:19:in `load'
	from /usr/bin/mongrel_rails:19
** Daemonized, any open files are closed.  Look at tmp/pids/mongrel.5003.pid and log/mongrel.5003.log for info.
** Starting Mongrel listening at 127.0.0.1:5003
** Starting Rails with production environment...
/usr/lib/ruby/gems/1.8/gems/activerecord-2.1.0/lib/active_record/connection_adapters/abstract/connection_specification.rb:218:in `establish_connection': production database is not configured (ActiveRecord::AdapterNotSpecified)
	from /usr/lib/ruby/gems/1.8/gems/activerecord-2.1.0/lib/active_record/connection_adapters/abstract/connection_specification.rb:209:in `establish_connection'
	from /usr/lib/ruby/gems/1.8/gems/rails-2.1.0/lib/initializer.rb:332:in `initialize_database'
	from /usr/lib/ruby/gems/1.8/gems/rails-2.1.0/lib/initializer.rb:120:in `process'
	from /usr/lib/ruby/gems/1.8/gems/rails-2.1.0/lib/initializer.rb:93:in `send'
	from /usr/lib/ruby/gems/1.8/gems/rails-2.1.0/lib/initializer.rb:93:in `run'
	from /home/mitnik/radrails_project/railscode/config/environment.rb:13
	from /usr/local/lib/site_ruby/1.8/rubygems/custom_require.rb:27:in `gem_original_require'
	from /usr/local/lib/site_ruby/1.8/rubygems/custom_require.rb:27:in `require'
	 ... 9 levels...
	from /usr/lib/ruby/1.8/mongrel/command.rb:212:in `run'
	from /usr/lib/ruby/gems/1.8/gems/swiftiply-0.6.1.1/bin/mongrel_rails:252
	from /usr/bin/mongrel_rails:19:in `load'
	from /usr/bin/mongrel_rails:19
** Daemonized, any open files are closed.  Look at tmp/pids/mongrel.5003.pid and log/mongrel.5003.log for info.
** Starting Mongrel listening at 127.0.0.1:5003
** Starting Rails with development environment...
These gems that this application depends on are missing:
 - ruby-openid
Run "rake gems:install" to install them.
** Rails loaded.
** Loading any Rails specific GemPlugins
** Signals ready.  TERM => stop.  USR2 => restart.  INT => stop (no restart).
** Rails signals registered.  HUP => reload (without restart).  It might not work well.
** Mongrel available at 127.0.0.1:5003
** Writing PID file to tmp/pids/mongrel.5003.pid
** TERM signal received.
** Daemonized, any open files are closed.  Look at tmp/pids/mongrel.5003.pid and log/mongrel.5003.log for info.
** Starting Mongrel listening at 127.0.0.1:5003
** Starting Rails with development environment...
These gems that this application depends on are missing:
 - ruby-openid
Run "rake gems:install" to install them.
** Rails loaded.
** Loading any Rails specific GemPlugins
** Signals ready.  TERM => stop.  USR2 => restart.  INT => stop (no restart).
** Rails signals registered.  HUP => reload (without restart).  It might not work well.
** Mongrel available at 127.0.0.1:5003
** Writing PID file to tmp/pids/mongrel.5003.pid
** TERM signal received.
** Daemonized, any open files are closed.  Look at tmp/pids/mongrel.5003.pid and log/mongrel.5003.log for info.
** Starting Mongrel listening at 127.0.0.1:5003
** Starting Rails with development environment...
These gems that this application depends on are missing:
 - ruby-openid
Run "rake gems:install" to install them.
** Rails loaded.
** Loading any Rails specific GemPlugins
** Signals ready.  TERM => stop.  USR2 => restart.  INT => stop (no restart).
** Rails signals registered.  HUP => reload (without restart).  It might not work well.
** Mongrel available at 127.0.0.1:5003
** Writing PID file to tmp/pids/mongrel.5003.pid
** TERM signal received.
** Daemonized, any open files are closed.  Look at tmp/pids/mongrel.5003.pid and log/mongrel.5003.log for info.
** Starting Mongrel listening at 127.0.0.1:5003
** Starting Rails with development environment...
** Rails loaded.
** Loading any Rails specific GemPlugins
** Signals ready.  TERM => stop.  USR2 => restart.  INT => stop (no restart).
** Rails signals registered.  HUP => reload (without restart).  It might not work well.
** Mongrel available at 127.0.0.1:5003
** Writing PID file to tmp/pids/mongrel.5003.pid
** TERM signal received.
** Daemonized, any open files are closed.  Look at tmp/pids/mongrel.5003.pid and log/mongrel.5003.log for info.
** Starting Mongrel listening at 127.0.0.1:5003
** Starting Rails with development environment...
** Rails loaded.
** Loading any Rails specific GemPlugins
** Signals ready.  TERM => stop.  USR2 => restart.  INT => stop (no restart).
** Rails signals registered.  HUP => reload (without restart).  It might not work well.
** Mongrel available at 127.0.0.1:5003
** Writing PID file to tmp/pids/mongrel.5003.pid
** TERM signal received.
** Daemonized, any open files are closed.  Look at tmp/pids/mongrel.5003.pid and log/mongrel.5003.log for info.
** Starting Mongrel listening at 127.0.0.1:5003
** Starting Rails with development environment...
** Rails loaded.
** Loading any Rails specific GemPlugins
** Signals ready.  TERM => stop.  USR2 => restart.  INT => stop (no restart).
** Rails signals registered.  HUP => reload (without restart).  It might not work well.
** Mongrel available at 127.0.0.1:5003
** Writing PID file to tmp/pids/mongrel.5003.pid
Generated checkid_setup request to https://openid.claimid.com/server with assocication {HMAC-SHA1}{48d8e0f5}{WB50eA==}
Generated checkid_setup request to http://www.myopenid.com/server with assocication {HMAC-SHA1}{48d7a9a9}{1bYgCg==}
** TERM signal received.
** Daemonized, any open files are closed.  Look at tmp/pids/mongrel.5003.pid and log/mongrel.5003.log for info.
** Starting Mongrel listening at 127.0.0.1:5003
** Starting Rails with development environment...
** Rails loaded.
** Loading any Rails specific GemPlugins
** Signals ready.  TERM => stop.  USR2 => restart.  INT => stop (no restart).
** Rails signals registered.  HUP => reload (without restart).  It might not work well.
** Mongrel available at 127.0.0.1:5003
** Writing PID file to tmp/pids/mongrel.5003.pid
** TERM signal received.
** Daemonized, any open files are closed.  Look at tmp/pids/mongrel.5003.pid and log/mongrel.5003.log for info.
** Starting Mongrel listening at 127.0.0.1:5003
** Starting Rails with development environment...
** Rails loaded.
** Loading any Rails specific GemPlugins
** Signals ready.  TERM => stop.  USR2 => restart.  INT => stop (no restart).
** Rails signals registered.  HUP => reload (without restart).  It might not work well.
** Mongrel available at 127.0.0.1:5003
** Writing PID file to tmp/pids/mongrel.5003.pid
** TERM signal received.
** Daemonized, any open files are closed.  Look at tmp/pids/mongrel.5003.pid and log/mongrel.5003.log for info.
** Starting Mongrel listening at 127.0.0.1:5003
** Starting Rails with development environment...
** Rails loaded.
** Loading any Rails specific GemPlugins
** Signals ready.  TERM => stop.  USR2 => restart.  INT => stop (no restart).
** Rails signals registered.  HUP => reload (without restart).  It might not work well.
** Mongrel available at 127.0.0.1:5003
** Writing PID file to tmp/pids/mongrel.5003.pid
** TERM signal received.
** Daemonized, any open files are closed.  Look at tmp/pids/mongrel.5003.pid and log/mongrel.5003.log for info.
** Starting Mongrel listening at 127.0.0.1:5003
** Starting Rails with development environment...
** Rails loaded.
** Loading any Rails specific GemPlugins
** Signals ready.  TERM => stop.  USR2 => restart.  INT => stop (no restart).
** Rails signals registered.  HUP => reload (without restart).  It might not work well.
** Mongrel available at 127.0.0.1:5003
** Writing PID file to tmp/pids/mongrel.5003.pid
** TERM signal received.
** Daemonized, any open files are closed.  Look at tmp/pids/mongrel.5003.pid and log/mongrel.5003.log for info.
** Starting Mongrel listening at 127.0.0.1:5003
** Starting Rails with development environment...
** Rails loaded.
** Loading any Rails specific GemPlugins
** Signals ready.  TERM => stop.  USR2 => restart.  INT => stop (no restart).
** Rails signals registered.  HUP => reload (without restart).  It might not work well.
** Mongrel available at 127.0.0.1:5003
** Writing PID file to tmp/pids/mongrel.5003.pid
Generated checkid_setup request to http://www.myopenid.com/server with assocication {HMAC-SHA1}{48d7a9a9}{1bYgCg==}
Generated checkid_setup request to http://www.myopenid.com/server with assocication {HMAC-SHA1}{48d7a9a9}{1bYgCg==}
** TERM signal received.
** Daemonized, any open files are closed.  Look at tmp/pids/mongrel.5003.pid and log/mongrel.5003.log for info.
** Starting Mongrel listening at 127.0.0.1:5003
** Starting Rails with development environment...
** Rails loaded.
** Loading any Rails specific GemPlugins
** Signals ready.  TERM => stop.  USR2 => restart.  INT => stop (no restart).
** Rails signals registered.  HUP => reload (without restart).  It might not work well.
** Mongrel available at 127.0.0.1:5003
** Writing PID file to tmp/pids/mongrel.5003.pid
** TERM signal received.
** Daemonized, any open files are closed.  Look at tmp/pids/mongrel.5003.pid and log/mongrel.5003.log for info.
** Starting Mongrel listening at 127.0.0.1:5003
** Starting Rails with development environment...
** Rails loaded.
** Loading any Rails specific GemPlugins
** Signals ready.  TERM => stop.  USR2 => restart.  INT => stop (no restart).
** Rails signals registered.  HUP => reload (without restart).  It might not work well.
** Mongrel available at 127.0.0.1:5003
** Writing PID file to tmp/pids/mongrel.5003.pid
** TERM signal received.
** Daemonized, any open files are closed.  Look at tmp/pids/mongrel.5003.pid and log/mongrel.5003.log for info.
** Starting Mongrel listening at 127.0.0.1:5003
** Starting Rails with development environment...
** Rails loaded.
** Loading any Rails specific GemPlugins
** Signals ready.  TERM => stop.  USR2 => restart.  INT => stop (no restart).
** Rails signals registered.  HUP => reload (without restart).  It might not work well.
** Mongrel available at 127.0.0.1:5003
** Writing PID file to tmp/pids/mongrel.5003.pid
/home/mitnik/radrails_project/railscode/app/views/comments/new.html.erb:9: warning: Object#id will be deprecated; use Object#object_id
** TERM signal received.
** Daemonized, any open files are closed.  Look at tmp/pids/mongrel.5003.pid and log/mongrel.5003.log for info.
** Starting Mongrel listening at 127.0.0.1:5003
** Starting Rails with development environment...
** Rails loaded.
** Loading any Rails specific GemPlugins
** Signals ready.  TERM => stop.  USR2 => restart.  INT => stop (no restart).
** Rails signals registered.  HUP => reload (without restart).  It might not work well.
** Mongrel available at 127.0.0.1:5003
** Writing PID file to tmp/pids/mongrel.5003.pid
** TERM signal received.
** Daemonized, any open files are closed.  Look at tmp/pids/mongrel.5003.pid and log/mongrel.5003.log for info.
** Starting Mongrel listening at 127.0.0.1:5003
** Starting Rails with development environment...
** Rails loaded.
** Loading any Rails specific GemPlugins
** Signals ready.  TERM => stop.  USR2 => restart.  INT => stop (no restart).
** Rails signals registered.  HUP => reload (without restart).  It might not work well.
** Mongrel available at 127.0.0.1:5003
** Writing PID file to tmp/pids/mongrel.5003.pid
** TERM signal received.
** Daemonized, any open files are closed.  Look at tmp/pids/mongrel.5003.pid and log/mongrel.5003.log for info.
** Starting Mongrel listening at 127.0.0.1:5003
** Starting Rails with development environment...
** [NewRelic] New Relic RPM Agent Initialized: pid = 11045
** [NewRelic] Agent Log is found in /home/mitnik/radrails_project/railscode/log/newrelic_agent.5003.log
** [NewRelic] NewRelic Agent (Developer Mode) enabled.
** [NewRelic] To view performance information, go to http://localhost/newrelic
** Rails loaded.
** Loading any Rails specific GemPlugins
** Signals ready.  TERM => stop.  USR2 => restart.  INT => stop (no restart).
** Rails signals registered.  HUP => reload (without restart).  It might not work well.
** Mongrel available at 127.0.0.1:5003
** Writing PID file to tmp/pids/mongrel.5003.pid
Generated checkid_setup request to http://www.myopenid.com/server with assocication {HMAC-SHA1}{48d7a9a9}{1bYgCg==}
Error attempting to use stored discovery information: OpenID::TypeURIMismatch
Attempting discovery to verify endpoint
Performing discovery on https://me.yahoo.com/a/s5AxyEsdu5CJWxWYNVW0oz9FsmwwggvFZ44Jqcs5#8c576
WARNING: making https request to https://me.yahoo.com/a/s5AxyEsdu5CJWxWYNVW0oz9FsmwwggvFZ44Jqcs5 without verifying server certificate; no CA path was specified.
Generated checkid_setup request to http://www.myopenid.com/server with assocication {HMAC-SHA1}{48d7a9a9}{1bYgCg==}
Generated checkid_setup request to https://api.screenname.aol.com/auth/openidServer with assocication diAyLjAgayAwIGdJN0t5bU96ZlJWVkl5VDdKS01QcERMUTBaWT0%3D-j5HRXRB1VbPyg48jGKE1Q3gr0EFGZA4Xhs2t%2FZI7J8PeR0a1BbZu%2FPpgsiev3UxBMHWy7Ge8qb0%3D
** TERM signal received.
** Daemonized, any open files are closed.  Look at tmp/pids/mongrel.5003.pid and log/mongrel.5003.log for info.
** Starting Mongrel listening at 127.0.0.1:5003
** Starting Rails with development environment...
** [NewRelic] New Relic RPM Agent Initialized: pid = 11754
** [NewRelic] Agent Log is found in /home/mitnik/radrails_project/railscode/log/newrelic_agent.5003.log
** [NewRelic] NewRelic Agent (Developer Mode) enabled.
** [NewRelic] To view performance information, go to http://localhost/newrelic
** Rails loaded.
** Loading any Rails specific GemPlugins
** Signals ready.  TERM => stop.  USR2 => restart.  INT => stop (no restart).
** Rails signals registered.  HUP => reload (without restart).  It might not work well.
** Mongrel available at 127.0.0.1:5003
** Writing PID file to tmp/pids/mongrel.5003.pid
Generated checkid_setup request to http://www.myopenid.com/server with assocication {HMAC-SHA1}{48d7a9a9}{1bYgCg==}
Generated checkid_setup request to https://openid.claimid.com/server with assocication {HMAC-SHA1}{48e98715}{woJ1aQ==}
** TERM signal received.
** Daemonized, any open files are closed.  Look at tmp/pids/mongrel.5003.pid and log/mongrel.5003.log for info.
** Starting Mongrel listening at 127.0.0.1:5003
** Starting Rails with development environment...
** [NewRelic] New Relic RPM Agent Initialized: pid = 10848
** [NewRelic] Agent Log is found in /home/mitnik/radrails_project/railscode/log/newrelic_agent.5003.log
** [NewRelic] NewRelic Agent (Developer Mode) enabled.
** [NewRelic] To view performance information, go to http://localhost/newrelic
** Rails loaded.
** Loading any Rails specific GemPlugins
** Signals ready.  TERM => stop.  USR2 => restart.  INT => stop (no restart).
** Rails signals registered.  HUP => reload (without restart).  It might not work well.
** Mongrel available at 127.0.0.1:5003
** Writing PID file to tmp/pids/mongrel.5003.pid
** TERM signal received.
** Daemonized, any open files are closed.  Look at tmp/pids/mongrel.5003.pid and log/mongrel.5003.log for info.
** Starting Mongrel listening at 127.0.0.1:5003
** Starting Rails with development environment...
** [NewRelic] New Relic RPM Agent Initialized: pid = 18656
** [NewRelic] Agent Log is found in /home/mitnik/radrails_project/railscode/log/newrelic_agent.5003.log
** [NewRelic] NewRelic Agent (Developer Mode) enabled.
** [NewRelic] To view performance information, go to http://localhost/newrelic
** Rails loaded.
** Loading any Rails specific GemPlugins
** Signals ready.  TERM => stop.  USR2 => restart.  INT => stop (no restart).
** Rails signals registered.  HUP => reload (without restart).  It might not work well.
** Mongrel available at 127.0.0.1:5003
** Writing PID file to tmp/pids/mongrel.5003.pid
** TERM signal received.
** Daemonized, any open files are closed.  Look at tmp/pids/mongrel.5003.pid and log/mongrel.5003.log for info.
** Starting Mongrel listening at 127.0.0.1:5003
** Starting Rails with development environment...
** [NewRelic] New Relic RPM Agent Initialized: pid = 10681
** [NewRelic] Agent Log is found in /home/mitnik/radrails_project/railscode/log/newrelic_agent.5003.log
** [NewRelic] NewRelic Agent (Developer Mode) enabled.
** [NewRelic] To view performance information, go to http://localhost/newrelic
** Rails loaded.
** Loading any Rails specific GemPlugins
** Signals ready.  TERM => stop.  USR2 => restart.  INT => stop (no restart).
** Rails signals registered.  HUP => reload (without restart).  It might not work well.
** Mongrel available at 127.0.0.1:5003
** Writing PID file to tmp/pids/mongrel.5003.pid
** TERM signal received.
** Daemonized, any open files are closed.  Look at tmp/pids/mongrel.5003.pid and log/mongrel.5003.log for info.
** Starting Mongrel listening at 127.0.0.1:5003
** Starting Rails with development environment...
** [NewRelic] New Relic RPM Agent Initialized: pid = 11221
** [NewRelic] Agent Log is found in /home/mitnik/radrails_project/railscode/log/newrelic_agent.5003.log
** [NewRelic] NewRelic Agent (Developer Mode) enabled.
** [NewRelic] To view performance information, go to http://localhost/newrelic
** Rails loaded.
** Loading any Rails specific GemPlugins
** Signals ready.  TERM => stop.  USR2 => restart.  INT => stop (no restart).
** Rails signals registered.  HUP => reload (without restart).  It might not work well.
** Mongrel available at 127.0.0.1:5003
** Writing PID file to tmp/pids/mongrel.5003.pid
** TERM signal received.
** Daemonized, any open files are closed.  Look at tmp/pids/mongrel.5003.pid and log/mongrel.5003.log for info.
** Starting Mongrel listening at 127.0.0.1:5003
** Starting Rails with development environment...
** [NewRelic] New Relic RPM Agent Initialized: pid = 12157
** [NewRelic] Agent Log is found in /home/mitnik/radrails_project/railscode/log/newrelic_agent.5003.log
** [NewRelic] NewRelic Agent (Developer Mode) enabled.
** [NewRelic] To view performance information, go to http://localhost/newrelic
** Rails loaded.
** Loading any Rails specific GemPlugins
** Signals ready.  TERM => stop.  USR2 => restart.  INT => stop (no restart).
** Rails signals registered.  HUP => reload (without restart).  It might not work well.
** Mongrel available at 127.0.0.1:5003
** Writing PID file to tmp/pids/mongrel.5003.pid
** TERM signal received.
** Daemonized, any open files are closed.  Look at tmp/pids/mongrel.5003.pid and log/mongrel.5003.log for info.
** Starting Mongrel listening at 127.0.0.1:5003
** Starting Rails with development environment...
** [NewRelic] New Relic RPM Agent Initialized: pid = 7830
** [NewRelic] Agent Log is found in /home/mitnik/radrails_project/railscode/log/newrelic_agent.5003.log
** [NewRelic] NewRelic Agent (Developer Mode) enabled.
** [NewRelic] To view performance information, go to http://localhost/newrelic
** Rails loaded.
** Loading any Rails specific GemPlugins
** Signals ready.  TERM => stop.  USR2 => restart.  INT => stop (no restart).
** Rails signals registered.  HUP => reload (without restart).  It might not work well.
** Mongrel available at 127.0.0.1:5003
** Writing PID file to tmp/pids/mongrel.5003.pid
** TERM signal received.
** Daemonized, any open files are closed.  Look at tmp/pids/mongrel.5003.pid and log/mongrel.5003.log for info.
** Starting Mongrel listening at 127.0.0.1:5003
** Starting Rails with development environment...
** [NewRelic] New Relic RPM Agent Initialized: pid = 13954
** [NewRelic] Agent Log is found in /home/mitnik/radrails_project/railscode/log/newrelic_agent.5003.log
** [NewRelic] NewRelic Agent (Developer Mode) enabled.
** [NewRelic] To view performance information, go to http://localhost/newrelic
** Rails loaded.
** Loading any Rails specific GemPlugins
** Signals ready.  TERM => stop.  USR2 => restart.  INT => stop (no restart).
** Rails signals registered.  HUP => reload (without restart).  It might not work well.
** Mongrel available at 127.0.0.1:5003
** Writing PID file to tmp/pids/mongrel.5003.pid
** TERM signal received.
** Daemonized, any open files are closed.  Look at tmp/pids/mongrel.5003.pid and log/mongrel.5003.log for info.
** Starting Mongrel listening at 127.0.0.1:5003
** Starting Rails with production environment...
** [NewRelic] New Relic RPM Agent Initialized: pid = 15402
** [NewRelic] Agent Log is found in /home/mitnik/radrails_project/railscode/log/newrelic_agent.5003.log
** [NewRelic] Connected to NewRelic Service at collector.newrelic.com:80.
** [NewRelic] Transaction traces will be sent to the RPM service
** [NewRelic] Reporting performance data every 60 seconds
** Rails loaded.
** Loading any Rails specific GemPlugins
** Signals ready.  TERM => stop.  USR2 => restart.  INT => stop (no restart).
** Rails signals registered.  HUP => reload (without restart).  It might not work well.
** Mongrel available at 127.0.0.1:5003
** Writing PID file to tmp/pids/mongrel.5003.pid
** TERM signal received.
** Daemonized, any open files are closed.  Look at tmp/pids/mongrel.5003.pid and log/mongrel.5003.log for info.
** Starting Mongrel listening at 127.0.0.1:5003
** Starting Rails with production environment...
** [NewRelic] New Relic RPM Agent Initialized: pid = 22882
** [NewRelic] Agent Log is found in /home/mitnik/radrails_project/railscode/log/newrelic_agent.5003.log
** [NewRelic] Connected to NewRelic Service at collector.newrelic.com:80.
** [NewRelic] Reporting performance data every 60 seconds
** Rails loaded.
** Loading any Rails specific GemPlugins
** Signals ready.  TERM => stop.  USR2 => restart.  INT => stop (no restart).
** Rails signals registered.  HUP => reload (without restart).  It might not work well.
** Mongrel available at 127.0.0.1:5003
** Writing PID file to tmp/pids/mongrel.5003.pid
** TERM signal received.
** Daemonized, any open files are closed.  Look at tmp/pids/mongrel.5003.pid and log/mongrel.5003.log for info.
** Starting Mongrel listening at 127.0.0.1:5003
** Starting Rails with production environment...
** [NewRelic] New Relic RPM Agent Initialized: pid = 23534
** [NewRelic] Agent Log is found in /home/mitnik/radrails_project/railscode/log/newrelic_agent.5003.log
** [NewRelic] Connected to NewRelic Service at collector.newrelic.com:80.
** [NewRelic] Reporting performance data every 60 seconds
** Rails loaded.
** Loading any Rails specific GemPlugins
** Signals ready.  TERM => stop.  USR2 => restart.  INT => stop (no restart).
** Rails signals registered.  HUP => reload (without restart).  It might not work well.
** Mongrel available at 127.0.0.1:5003
** Writing PID file to tmp/pids/mongrel.5003.pid
** Daemonized, any open files are closed.  Look at tmp/pids/mongrel.5003.pid and log/mongrel.5003.log for info.
** Starting Mongrel listening at 127.0.0.1:5003
** Starting Rails with production environment...
** [NewRelic] New Relic RPM Agent Initialized: pid = 15898
** [NewRelic] Agent Log is found in /home/mitnik/radrails_project/railscode/log/newrelic_agent.5003.log
** [NewRelic] Connected to NewRelic Service at collector.newrelic.com:80.
** [NewRelic] Reporting performance data every 60 seconds
** Rails loaded.
** Loading any Rails specific GemPlugins
** Signals ready.  TERM => stop.  USR2 => restart.  INT => stop (no restart).
** Rails signals registered.  HUP => reload (without restart).  It might not work well.
** Mongrel available at 127.0.0.1:5003
** Writing PID file to tmp/pids/mongrel.5003.pid
** TERM signal received.
** Daemonized, any open files are closed.  Look at tmp/pids/mongrel.5003.pid and log/mongrel.5003.log for info.
** Starting Mongrel listening at 127.0.0.1:5003
** Starting Rails with production environment...
** [NewRelic] New Relic RPM Agent Initialized: pid = 17787
** [NewRelic] Agent Log is found in /home/mitnik/radrails_project/railscode/log/newrelic_agent.5003.log
** [NewRelic] Connected to NewRelic Service at collector.newrelic.com:80.
** [NewRelic] Reporting performance data every 60 seconds
** Rails loaded.
** Loading any Rails specific GemPlugins
** Signals ready.  TERM => stop.  USR2 => restart.  INT => stop (no restart).
** Rails signals registered.  HUP => reload (without restart).  It might not work well.
** Mongrel available at 127.0.0.1:5003
** Writing PID file to tmp/pids/mongrel.5003.pid
** TERM signal received.
** Daemonized, any open files are closed.  Look at tmp/pids/mongrel.5003.pid and log/mongrel.5003.log for info.
** Starting Mongrel listening at 127.0.0.1:5003
** Starting Rails with production environment...
** [NewRelic] New Relic RPM Agent Initialized: pid = 18644
** [NewRelic] Agent Log is found in /home/mitnik/radrails_project/railscode/log/newrelic_agent.5003.log
** [NewRelic] Connected to NewRelic Service at collector.newrelic.com:80.
** [NewRelic] Reporting performance data every 60 seconds
** Rails loaded.
** Loading any Rails specific GemPlugins
** Signals ready.  TERM => stop.  USR2 => restart.  INT => stop (no restart).
** Rails signals registered.  HUP => reload (without restart).  It might not work well.
** Mongrel available at 127.0.0.1:5003
** Writing PID file to tmp/pids/mongrel.5003.pid
** TERM signal received.
** Daemonized, any open files are closed.  Look at tmp/pids/mongrel.5003.pid and log/mongrel.5003.log for info.
** Starting Mongrel listening at 127.0.0.1:5003
** Starting Rails with production environment...
** [NewRelic] New Relic RPM Agent Initialized: pid = 19067
** [NewRelic] Agent Log is found in /home/mitnik/radrails_project/railscode/log/newrelic_agent.5003.log
** [NewRelic] Connected to NewRelic Service at collector.newrelic.com:80.
** [NewRelic] Reporting performance data every 60 seconds
** Rails loaded.
** Loading any Rails specific GemPlugins
** Signals ready.  TERM => stop.  USR2 => restart.  INT => stop (no restart).
** Rails signals registered.  HUP => reload (without restart).  It might not work well.
** Mongrel available at 127.0.0.1:5003
** Writing PID file to tmp/pids/mongrel.5003.pid
** TERM signal received.
** Daemonized, any open files are closed.  Look at tmp/pids/mongrel.5003.pid and log/mongrel.5003.log for info.
** Starting Mongrel listening at 127.0.0.1:5003
** Starting Rails with production environment...
** [NewRelic] New Relic RPM Agent Initialized: pid = 19436
** [NewRelic] Agent Log is found in /home/mitnik/radrails_project/railscode/log/newrelic_agent.5003.log
** [NewRelic] Connected to NewRelic Service at collector.newrelic.com:80.
** [NewRelic] Reporting performance data every 60 seconds
** Rails loaded.
** Loading any Rails specific GemPlugins
** Signals ready.  TERM => stop.  USR2 => restart.  INT => stop (no restart).
** Rails signals registered.  HUP => reload (without restart).  It might not work well.
** Mongrel available at 127.0.0.1:5003
** Writing PID file to tmp/pids/mongrel.5003.pid
** TERM signal received.
** Daemonized, any open files are closed.  Look at tmp/pids/mongrel.5003.pid and log/mongrel.5003.log for info.
** Starting Mongrel listening at 127.0.0.1:5003
** Starting Rails with production environment...
** [NewRelic] New Relic RPM Agent Initialized: pid = 20928
** [NewRelic] Agent Log is found in /home/mitnik/radrails_project/railscode/log/newrelic_agent.5003.log
** [NewRelic] Connected to NewRelic Service at collector.newrelic.com:80.
** [NewRelic] Reporting performance data every 60 seconds
** Rails loaded.
** Loading any Rails specific GemPlugins
** Signals ready.  TERM => stop.  USR2 => restart.  INT => stop (no restart).
** Rails signals registered.  HUP => reload (without restart).  It might not work well.
** Mongrel available at 127.0.0.1:5003
** Writing PID file to tmp/pids/mongrel.5003.pid
** TERM signal received.
** Daemonized, any open files are closed.  Look at tmp/pids/mongrel.5003.pid and log/mongrel.5003.log for info.
** Starting Mongrel listening at 127.0.0.1:5003
** Starting Rails with development environment...
** [NewRelic] New Relic RPM Agent Initialized: pid = 22533
** [NewRelic] Agent Log is found in /home/mitnik/radrails_project/railscode/log/newrelic_agent.5003.log
** [NewRelic] NewRelic Agent (Developer Mode) enabled.
** [NewRelic] To view performance information, go to http://localhost/newrelic
** Rails loaded.
** Loading any Rails specific GemPlugins
** Signals ready.  TERM => stop.  USR2 => restart.  INT => stop (no restart).
** Rails signals registered.  HUP => reload (without restart).  It might not work well.
** Mongrel available at 127.0.0.1:5003
** Writing PID file to tmp/pids/mongrel.5003.pid
** TERM signal received.
** Daemonized, any open files are closed.  Look at tmp/pids/mongrel.5003.pid and log/mongrel.5003.log for info.
** Starting Mongrel listening at 127.0.0.1:5003
** Starting Rails with production environment...
** [NewRelic] New Relic RPM Agent Initialized: pid = 26484
** [NewRelic] Agent Log is found in /home/mitnik/radrails_project/railscode/log/newrelic_agent.5003.log
** [NewRelic] Connected to NewRelic Service at collector.newrelic.com:80.
** [NewRelic] Reporting performance data every 60 seconds
** Rails loaded.
** Loading any Rails specific GemPlugins
** Signals ready.  TERM => stop.  USR2 => restart.  INT => stop (no restart).
** Rails signals registered.  HUP => reload (without restart).  It might not work well.
** Mongrel available at 127.0.0.1:5003
** Writing PID file to tmp/pids/mongrel.5003.pid
** TERM signal received.
** Daemonized, any open files are closed.  Look at tmp/pids/mongrel.5003.pid and log/mongrel.5003.log for info.
** Starting Mongrel listening at 127.0.0.1:5003
** Starting Rails with development environment...
** [NewRelic] New Relic RPM Agent Initialized: pid = 25242
** [NewRelic] Agent Log is found in /home/mitnik/radrails_project/railscode/log/newrelic_agent.5003.log
** [NewRelic] NewRelic Agent (Developer Mode) enabled.
** [NewRelic] To view performance information, go to http://localhost/newrelic
** Rails loaded.
** Loading any Rails specific GemPlugins
** Signals ready.  TERM => stop.  USR2 => restart.  INT => stop (no restart).
** Rails signals registered.  HUP => reload (without restart).  It might not work well.
** Mongrel available at 127.0.0.1:5003
** Writing PID file to tmp/pids/mongrel.5003.pid
Submitting request [url=http://gdata.youtube.com/feeds/api/users/jackliu/uploads].
** TERM signal received.
