** Daemonized, any open files are closed.  Look at tmp/pids/mongrel.5005.pid and log/mongrel.5005.log for info.
** Starting Mongrel listening at 0.0.0.0:5005
** Starting Rails with development environment...
** Rails loaded.
** Loading any Rails specific GemPlugins
** Signals ready.  TERM => stop.  USR2 => restart.  INT => stop (no restart).
** Rails signals registered.  HUP => reload (without restart).  It might not work well.
** Mongrel available at 0.0.0.0:5005
** Writing PID file to tmp/pids/mongrel.5005.pid
** TERM signal received.
** Daemonized, any open files are closed.  Look at tmp/pids/mongrel.5005.pid and log/mongrel.5005.log for info.
** Starting Mongrel listening at 0.0.0.0:5005
** Starting Rails with development environment...
** Rails loaded.
** Loading any Rails specific GemPlugins
** Signals ready.  TERM => stop.  USR2 => restart.  INT => stop (no restart).
** Rails signals registered.  HUP => reload (without restart).  It might not work well.
** Mongrel available at 0.0.0.0:5005
** Writing PID file to tmp/pids/mongrel.5005.pid
** TERM signal received.
** Daemonized, any open files are closed.  Look at tmp/pids/mongrel.5005.pid and log/mongrel.5005.log for info.
** Starting Mongrel listening at 0.0.0.0:5005
** Starting Rails with development environment...
** Rails loaded.
** Loading any Rails specific GemPlugins
** Signals ready.  TERM => stop.  USR2 => restart.  INT => stop (no restart).
** Rails signals registered.  HUP => reload (without restart).  It might not work well.
** Mongrel available at 0.0.0.0:5005
** Writing PID file to tmp/pids/mongrel.5005.pid
** TERM signal received.
** Daemonized, any open files are closed.  Look at tmp/pids/mongrel.5005.pid and log/mongrel.5005.log for info.
** Starting Mongrel listening at 0.0.0.0:5005
** Starting Rails with development environment...
** Rails loaded.
** Loading any Rails specific GemPlugins
** Signals ready.  TERM => stop.  USR2 => restart.  INT => stop (no restart).
** Rails signals registered.  HUP => reload (without restart).  It might not work well.
** Mongrel available at 0.0.0.0:5005
** Writing PID file to tmp/pids/mongrel.5005.pid
** TERM signal received.
** Daemonized, any open files are closed.  Look at tmp/pids/mongrel.5005.pid and log/mongrel.5005.log for info.
** Starting Mongrel listening at 0.0.0.0:5005
** Starting Rails with development environment...
/home/david/workspace/railscoder/config/routes.rb:41: undefined local variable or method `user' for main:Object (NameError)
	from /usr/lib/ruby/gems/1.8/gems/activesupport-2.1.0/lib/active_support/core_ext/object/misc.rb:48:in `with_options'
	from /usr/lib/ruby/gems/1.8/gems/actionpack-2.1.0/lib/action_controller/resources.rb:441:in `map_resource'
	from /usr/lib/ruby/gems/1.8/gems/activesupport-2.1.0/lib/active_support/core_ext/object/misc.rb:48:in `with_options'
	from /usr/lib/ruby/gems/1.8/gems/actionpack-2.1.0/lib/action_controller/resources.rb:432:in `map_resource'
	from /usr/lib/ruby/gems/1.8/gems/actionpack-2.1.0/lib/action_controller/resources.rb:351:in `resources'
	from /usr/lib/ruby/gems/1.8/gems/actionpack-2.1.0/lib/action_controller/resources.rb:351:in `each'
	from /usr/lib/ruby/gems/1.8/gems/actionpack-2.1.0/lib/action_controller/resources.rb:351:in `resources'
	from /home/david/workspace/railscoder/config/routes.rb:39
	 ... 25 levels...
	from /usr/lib/ruby/1.8/mongrel/command.rb:211:in `run'
	from /usr/lib/ruby/gems/1.8/gems/swiftiply-0.6.1.1/bin/mongrel_rails:252
	from /usr/bin/mongrel_rails:19:in `load'
	from /usr/bin/mongrel_rails:19
** Daemonized, any open files are closed.  Look at tmp/pids/mongrel.5005.pid and log/mongrel.5005.log for info.
** Starting Mongrel listening at 0.0.0.0:5005
** Starting Rails with development environment...
** Rails loaded.
** Loading any Rails specific GemPlugins
** Signals ready.  TERM => stop.  USR2 => restart.  INT => stop (no restart).
** Rails signals registered.  HUP => reload (without restart).  It might not work well.
** Mongrel available at 0.0.0.0:5005
** Writing PID file to tmp/pids/mongrel.5005.pid
** TERM signal received.
** Daemonized, any open files are closed.  Look at tmp/pids/mongrel.5005.pid and log/mongrel.5005.log for info.
** Starting Mongrel listening at 0.0.0.0:5005
** Starting Rails with development environment...
** Rails loaded.
** Loading any Rails specific GemPlugins
** Signals ready.  TERM => stop.  USR2 => restart.  INT => stop (no restart).
** Rails signals registered.  HUP => reload (without restart).  It might not work well.
** Mongrel available at 0.0.0.0:5005
** Writing PID file to tmp/pids/mongrel.5005.pid
** TERM signal received.
** Daemonized, any open files are closed.  Look at tmp/pids/mongrel.5005.pid and log/mongrel.5005.log for info.
** Starting Mongrel listening at 0.0.0.0:5005
** Starting Rails with development environment...
** Rails loaded.
** Loading any Rails specific GemPlugins
** Signals ready.  TERM => stop.  USR2 => restart.  INT => stop (no restart).
** Rails signals registered.  HUP => reload (without restart).  It might not work well.
** Mongrel available at 0.0.0.0:5005
** Writing PID file to tmp/pids/mongrel.5005.pid
** TERM signal received.
** Daemonized, any open files are closed.  Look at tmp/pids/mongrel.5005.pid and log/mongrel.5005.log for info.
** Starting Mongrel listening at 0.0.0.0:5005
** Starting Rails with development environment...
** Rails loaded.
** Loading any Rails specific GemPlugins
** Signals ready.  TERM => stop.  USR2 => restart.  INT => stop (no restart).
** Rails signals registered.  HUP => reload (without restart).  It might not work well.
** Mongrel available at 0.0.0.0:5005
** Writing PID file to tmp/pids/mongrel.5005.pid
** TERM signal received.
** Daemonized, any open files are closed.  Look at tmp/pids/mongrel.5005.pid and log/mongrel.5005.log for info.
** Starting Mongrel listening at 0.0.0.0:5005
** Starting Rails with development environment...
** Rails loaded.
** Loading any Rails specific GemPlugins
** Signals ready.  TERM => stop.  USR2 => restart.  INT => stop (no restart).
** Rails signals registered.  HUP => reload (without restart).  It might not work well.
** Mongrel available at 0.0.0.0:5005
** Writing PID file to tmp/pids/mongrel.5005.pid
