** Daemonized, any open files are closed.  Look at tmp/pids/mongrel.5001.pid and log/mongrel.5001.log for info.
** Starting Mongrel listening at 0.0.0.0:5001
** Starting Rails with development environment...
** Rails loaded.
** Loading any Rails specific GemPlugins
** Signals ready.  TERM => stop.  USR2 => restart.  INT => stop (no restart).
** Rails signals registered.  HUP => reload (without restart).  It might not work well.
** Mongrel available at 0.0.0.0:5001
** Writing PID file to tmp/pids/mongrel.5001.pid
** TERM signal received.
** Daemonized, any open files are closed.  Look at tmp/pids/mongrel.5001.pid and log/mongrel.5001.log for info.
** Starting Mongrel listening at 0.0.0.0:5001
** Starting Rails with development environment...
** Rails loaded.
** Loading any Rails specific GemPlugins
** Signals ready.  TERM => stop.  USR2 => restart.  INT => stop (no restart).
** Rails signals registered.  HUP => reload (without restart).  It might not work well.
** Mongrel available at 0.0.0.0:5001
** Writing PID file to tmp/pids/mongrel.5001.pid
** TERM signal received.
** Daemonized, any open files are closed.  Look at tmp/pids/mongrel.5001.pid and log/mongrel.5001.log for info.
** Starting Mongrel listening at 0.0.0.0:5001
** Starting Rails with development environment...
** Rails loaded.
** Loading any Rails specific GemPlugins
** Signals ready.  TERM => stop.  USR2 => restart.  INT => stop (no restart).
** Rails signals registered.  HUP => reload (without restart).  It might not work well.
** Mongrel available at 0.0.0.0:5001
** Writing PID file to tmp/pids/mongrel.5001.pid
** TERM signal received.
** Daemonized, any open files are closed.  Look at tmp/pids/mongrel.5001.pid and log/mongrel.5001.log for info.
** Starting Mongrel listening at 0.0.0.0:5001
** Starting Rails with development environment...
** Rails loaded.
** Loading any Rails specific GemPlugins
** Signals ready.  TERM => stop.  USR2 => restart.  INT => stop (no restart).
** Rails signals registered.  HUP => reload (without restart).  It might not work well.
** Mongrel available at 0.0.0.0:5001
** Writing PID file to tmp/pids/mongrel.5001.pid
** TERM signal received.
** Daemonized, any open files are closed.  Look at tmp/pids/mongrel.5001.pid and log/mongrel.5001.log for info.
** Starting Mongrel listening at 0.0.0.0:5001
** Starting Rails with development environment...
/home/david/workspace/railscoder/config/routes.rb:41: undefined local variable or method `user' for main:Object (NameError)
	from /usr/lib/ruby/gems/1.8/gems/activesupport-2.1.0/lib/active_support/core_ext/object/misc.rb:48:in `with_options'
	from /usr/lib/ruby/gems/1.8/gems/actionpack-2.1.0/lib/action_controller/resources.rb:441:in `map_resource'
	from /usr/lib/ruby/gems/1.8/gems/activesupport-2.1.0/lib/active_support/core_ext/object/misc.rb:48:in `with_options'
	from /usr/lib/ruby/gems/1.8/gems/actionpack-2.1.0/lib/action_controller/resources.rb:432:in `map_resource'
	from /usr/lib/ruby/gems/1.8/gems/actionpack-2.1.0/lib/action_controller/resources.rb:351:in `resources'
	from /usr/lib/ruby/gems/1.8/gems/actionpack-2.1.0/lib/action_controller/resources.rb:351:in `each'
	from /usr/lib/ruby/gems/1.8/gems/actionpack-2.1.0/lib/action_controller/resources.rb:351:in `resources'
	from /home/david/workspace/railscoder/config/routes.rb:39
	 ... 25 levels...
	from /usr/lib/ruby/1.8/mongrel/command.rb:211:in `run'
	from /usr/lib/ruby/gems/1.8/gems/swiftiply-0.6.1.1/bin/mongrel_rails:252
	from /usr/bin/mongrel_rails:19:in `load'
	from /usr/bin/mongrel_rails:19
** Daemonized, any open files are closed.  Look at tmp/pids/mongrel.5001.pid and log/mongrel.5001.log for info.
** Starting Mongrel listening at 0.0.0.0:5001
** Starting Rails with development environment...
** Rails loaded.
** Loading any Rails specific GemPlugins
** Signals ready.  TERM => stop.  USR2 => restart.  INT => stop (no restart).
** Rails signals registered.  HUP => reload (without restart).  It might not work well.
** Mongrel available at 0.0.0.0:5001
** Writing PID file to tmp/pids/mongrel.5001.pid
** TERM signal received.
** Daemonized, any open files are closed.  Look at tmp/pids/mongrel.5001.pid and log/mongrel.5001.log for info.
** Starting Mongrel listening at 0.0.0.0:5001
** Starting Rails with development environment...
** Rails loaded.
** Loading any Rails specific GemPlugins
** Signals ready.  TERM => stop.  USR2 => restart.  INT => stop (no restart).
** Rails signals registered.  HUP => reload (without restart).  It might not work well.
** Mongrel available at 0.0.0.0:5001
** Writing PID file to tmp/pids/mongrel.5001.pid
** TERM signal received.
** Daemonized, any open files are closed.  Look at tmp/pids/mongrel.5001.pid and log/mongrel.5001.log for info.
** Starting Mongrel listening at 0.0.0.0:5001
** Starting Rails with development environment...
** Rails loaded.
** Loading any Rails specific GemPlugins
** Signals ready.  TERM => stop.  USR2 => restart.  INT => stop (no restart).
** Rails signals registered.  HUP => reload (without restart).  It might not work well.
** Mongrel available at 0.0.0.0:5001
** Writing PID file to tmp/pids/mongrel.5001.pid
** TERM signal received.
** Daemonized, any open files are closed.  Look at tmp/pids/mongrel.5001.pid and log/mongrel.5001.log for info.
** Starting Mongrel listening at 0.0.0.0:5001
** Starting Rails with development environment...
** Rails loaded.
** Loading any Rails specific GemPlugins
** Signals ready.  TERM => stop.  USR2 => restart.  INT => stop (no restart).
** Rails signals registered.  HUP => reload (without restart).  It might not work well.
** Mongrel available at 0.0.0.0:5001
** Writing PID file to tmp/pids/mongrel.5001.pid
** TERM signal received.
** Daemonized, any open files are closed.  Look at tmp/pids/mongrel.5001.pid and log/mongrel.5001.log for info.
** Starting Mongrel listening at 0.0.0.0:5001
** Starting Rails with development environment...
** Rails loaded.
** Loading any Rails specific GemPlugins
** Signals ready.  TERM => stop.  USR2 => restart.  INT => stop (no restart).
** Rails signals registered.  HUP => reload (without restart).  It might not work well.
** Mongrel available at 0.0.0.0:5001
** Writing PID file to tmp/pids/mongrel.5001.pid
** Daemonized, any open files are closed.  Look at tmp/pids/mongrel.5001.pid and log/mongrel.5001.log for info.
** Starting Mongrel listening at 0.0.0.0:5001
** Starting Rails with development environment...
** Rails loaded.
** Loading any Rails specific GemPlugins
** Signals ready.  TERM => stop.  USR2 => restart.  INT => stop (no restart).
** Rails signals registered.  HUP => reload (without restart).  It might not work well.
** Mongrel available at 0.0.0.0:5001
** Writing PID file to tmp/pids/mongrel.5001.pid
** TERM signal received.
** Daemonized, any open files are closed.  Look at tmp/pids/mongrel.5001.pid and log/mongrel.5001.log for info.
** Starting Mongrel listening at 0.0.0.0:5001
** Starting Rails with development environment...
/usr/lib/ruby/gems/1.8/gems/actionpack-2.1.0/lib/action_controller/dispatcher.rb:93: undefined method `cattr_accessor' for ActionController::Dispatcher:Class (NoMethodError)
	from /usr/local/lib/site_ruby/1.8/rubygems/custom_require.rb:27:in `gem_original_require'
	from /usr/local/lib/site_ruby/1.8/rubygems/custom_require.rb:27:in `require'
	from /usr/lib/ruby/gems/1.8/gems/rails-2.1.0/lib/dispatcher.rb:23
	from /usr/local/lib/site_ruby/1.8/rubygems/custom_require.rb:32:in `gem_original_require'
	from /usr/local/lib/site_ruby/1.8/rubygems/custom_require.rb:32:in `require'
	from /usr/lib/ruby/1.8/mongrel/rails.rb:156:in `rails'
	from /usr/lib/ruby/gems/1.8/gems/swiftiply-0.6.1.1/bin/mongrel_rails:121:in `cloaker_'
	from /usr/lib/ruby/1.8/mongrel/configurator.rb:138:in `call'
	 ... 6 levels...
	from /usr/lib/ruby/1.8/mongrel/command.rb:211:in `run'
	from /usr/lib/ruby/gems/1.8/gems/swiftiply-0.6.1.1/bin/mongrel_rails:252
	from /usr/bin/mongrel_rails:19:in `load'
	from /usr/bin/mongrel_rails:19
** Daemonized, any open files are closed.  Look at tmp/pids/mongrel.5001.pid and log/mongrel.5001.log for info.
** Starting Mongrel listening at 0.0.0.0:5001
** Starting Rails with development environment...
/usr/lib/ruby/gems/1.8/gems/actionpack-2.1.0/lib/action_controller/dispatcher.rb:93: undefined method `cattr_accessor' for ActionController::Dispatcher:Class (NoMethodError)
	from /usr/local/lib/site_ruby/1.8/rubygems/custom_require.rb:27:in `gem_original_require'
	from /usr/local/lib/site_ruby/1.8/rubygems/custom_require.rb:27:in `require'
	from /usr/lib/ruby/gems/1.8/gems/rails-2.1.0/lib/dispatcher.rb:23
	from /usr/local/lib/site_ruby/1.8/rubygems/custom_require.rb:32:in `gem_original_require'
	from /usr/local/lib/site_ruby/1.8/rubygems/custom_require.rb:32:in `require'
	from /usr/lib/ruby/1.8/mongrel/rails.rb:156:in `rails'
	from /usr/lib/ruby/gems/1.8/gems/swiftiply-0.6.1.1/bin/mongrel_rails:121:in `cloaker_'
	from /usr/lib/ruby/1.8/mongrel/configurator.rb:138:in `call'
	 ... 6 levels...
	from /usr/lib/ruby/1.8/mongrel/command.rb:211:in `run'
	from /usr/lib/ruby/gems/1.8/gems/swiftiply-0.6.1.1/bin/mongrel_rails:252
	from /usr/bin/mongrel_rails:19:in `load'
	from /usr/bin/mongrel_rails:19
** Daemonized, any open files are closed.  Look at tmp/pids/mongrel.5001.pid and log/mongrel.5001.log for info.
** Starting Mongrel listening at 0.0.0.0:5001
** Starting Rails with development environment...
/usr/lib/ruby/gems/1.8/gems/actionpack-2.1.0/lib/action_controller/dispatcher.rb:93: undefined method `cattr_accessor' for ActionController::Dispatcher:Class (NoMethodError)
	from /usr/local/lib/site_ruby/1.8/rubygems/custom_require.rb:27:in `gem_original_require'
	from /usr/local/lib/site_ruby/1.8/rubygems/custom_require.rb:27:in `require'
	from /usr/lib/ruby/gems/1.8/gems/rails-2.1.0/lib/dispatcher.rb:23
	from /usr/local/lib/site_ruby/1.8/rubygems/custom_require.rb:32:in `gem_original_require'
	from /usr/local/lib/site_ruby/1.8/rubygems/custom_require.rb:32:in `require'
	from /usr/lib/ruby/1.8/mongrel/rails.rb:156:in `rails'
	from /usr/lib/ruby/gems/1.8/gems/swiftiply-0.6.1.1/bin/mongrel_rails:121:in `cloaker_'
	from /usr/lib/ruby/1.8/mongrel/configurator.rb:138:in `call'
	 ... 6 levels...
	from /usr/lib/ruby/1.8/mongrel/command.rb:211:in `run'
	from /usr/lib/ruby/gems/1.8/gems/swiftiply-0.6.1.1/bin/mongrel_rails:252
	from /usr/bin/mongrel_rails:19:in `load'
	from /usr/bin/mongrel_rails:19
** Daemonized, any open files are closed.  Look at tmp/pids/mongrel.5001.pid and log/mongrel.5001.log for info.
** Starting Mongrel listening at 0.0.0.0:5001
** Starting Rails with development environment...
** Rails loaded.
** Loading any Rails specific GemPlugins
** Signals ready.  TERM => stop.  USR2 => restart.  INT => stop (no restart).
** Rails signals registered.  HUP => reload (without restart).  It might not work well.
** Mongrel available at 0.0.0.0:5001
** Writing PID file to tmp/pids/mongrel.5001.pid
** TERM signal received.
** Daemonized, any open files are closed.  Look at tmp/pids/mongrel.5001.pid and log/mongrel.5001.log for info.
** Starting Mongrel listening at 0.0.0.0:5001
** Starting Rails with development environment...
** Rails loaded.
** Loading any Rails specific GemPlugins
** Signals ready.  TERM => stop.  USR2 => restart.  INT => stop (no restart).
** Rails signals registered.  HUP => reload (without restart).  It might not work well.
** Mongrel available at 0.0.0.0:5001
** Writing PID file to tmp/pids/mongrel.5001.pid
** TERM signal received.
** Daemonized, any open files are closed.  Look at tmp/pids/mongrel.5001.pid and log/mongrel.5001.log for info.
** Starting Mongrel listening at 0.0.0.0:5001
** Starting Rails with development environment...
** Rails loaded.
** Loading any Rails specific GemPlugins
** Signals ready.  TERM => stop.  USR2 => restart.  INT => stop (no restart).
** Rails signals registered.  HUP => reload (without restart).  It might not work well.
** Mongrel available at 0.0.0.0:5001
** Writing PID file to tmp/pids/mongrel.5001.pid
** TERM signal received.
** Daemonized, any open files are closed.  Look at tmp/pids/mongrel.5001.pid and log/mongrel.5001.log for info.
** Starting Mongrel listening at 127.0.0.1:5001
** Starting Rails with production environment...
/usr/lib/ruby/gems/1.8/gems/activerecord-2.1.0/lib/active_record/connection_adapters/abstract/connection_specification.rb:218:in `establish_connection': production database is not configured (ActiveRecord::AdapterNotSpecified)
	from /usr/lib/ruby/gems/1.8/gems/activerecord-2.1.0/lib/active_record/connection_adapters/abstract/connection_specification.rb:209:in `establish_connection'
	from /usr/lib/ruby/gems/1.8/gems/rails-2.1.0/lib/initializer.rb:332:in `initialize_database'
	from /usr/lib/ruby/gems/1.8/gems/rails-2.1.0/lib/initializer.rb:120:in `process'
	from /usr/lib/ruby/gems/1.8/gems/rails-2.1.0/lib/initializer.rb:93:in `send'
	from /usr/lib/ruby/gems/1.8/gems/rails-2.1.0/lib/initializer.rb:93:in `run'
	from /home/mitnik/radrails_project/railscode/config/environment.rb:13
	from /usr/local/lib/site_ruby/1.8/rubygems/custom_require.rb:27:in `gem_original_require'
	from /usr/local/lib/site_ruby/1.8/rubygems/custom_require.rb:27:in `require'
	 ... 9 levels...
	from /usr/lib/ruby/1.8/mongrel/command.rb:212:in `run'
	from /usr/lib/ruby/gems/1.8/gems/swiftiply-0.6.1.1/bin/mongrel_rails:252
	from /usr/bin/mongrel_rails:19:in `load'
	from /usr/bin/mongrel_rails:19
** Daemonized, any open files are closed.  Look at tmp/pids/mongrel.5001.pid and log/mongrel.5001.log for info.
** Starting Mongrel listening at 127.0.0.1:5001
** Starting Rails with production environment...
/usr/lib/ruby/gems/1.8/gems/activerecord-2.1.0/lib/active_record/connection_adapters/abstract/connection_specification.rb:218:in `establish_connection': production database is not configured (ActiveRecord::AdapterNotSpecified)
	from /usr/lib/ruby/gems/1.8/gems/activerecord-2.1.0/lib/active_record/connection_adapters/abstract/connection_specification.rb:209:in `establish_connection'
	from /usr/lib/ruby/gems/1.8/gems/rails-2.1.0/lib/initializer.rb:332:in `initialize_database'
	from /usr/lib/ruby/gems/1.8/gems/rails-2.1.0/lib/initializer.rb:120:in `process'
	from /usr/lib/ruby/gems/1.8/gems/rails-2.1.0/lib/initializer.rb:93:in `send'
	from /usr/lib/ruby/gems/1.8/gems/rails-2.1.0/lib/initializer.rb:93:in `run'
	from /home/mitnik/radrails_project/railscode/config/environment.rb:13
	from /usr/local/lib/site_ruby/1.8/rubygems/custom_require.rb:27:in `gem_original_require'
	from /usr/local/lib/site_ruby/1.8/rubygems/custom_require.rb:27:in `require'
	 ... 9 levels...
	from /usr/lib/ruby/1.8/mongrel/command.rb:212:in `run'
	from /usr/lib/ruby/gems/1.8/gems/swiftiply-0.6.1.1/bin/mongrel_rails:252
	from /usr/bin/mongrel_rails:19:in `load'
	from /usr/bin/mongrel_rails:19
** Daemonized, any open files are closed.  Look at tmp/pids/mongrel.5001.pid and log/mongrel.5001.log for info.
** Starting Mongrel listening at 127.0.0.1:5001
** Starting Rails with production environment...
/usr/lib/ruby/gems/1.8/gems/activerecord-2.1.0/lib/active_record/connection_adapters/abstract/connection_specification.rb:218:in `establish_connection': production database is not configured (ActiveRecord::AdapterNotSpecified)
	from /usr/lib/ruby/gems/1.8/gems/activerecord-2.1.0/lib/active_record/connection_adapters/abstract/connection_specification.rb:209:in `establish_connection'
	from /usr/lib/ruby/gems/1.8/gems/rails-2.1.0/lib/initializer.rb:332:in `initialize_database'
	from /usr/lib/ruby/gems/1.8/gems/rails-2.1.0/lib/initializer.rb:120:in `process'
	from /usr/lib/ruby/gems/1.8/gems/rails-2.1.0/lib/initializer.rb:93:in `send'
	from /usr/lib/ruby/gems/1.8/gems/rails-2.1.0/lib/initializer.rb:93:in `run'
	from /home/mitnik/radrails_project/railscode/config/environment.rb:13
	from /usr/local/lib/site_ruby/1.8/rubygems/custom_require.rb:27:in `gem_original_require'
	from /usr/local/lib/site_ruby/1.8/rubygems/custom_require.rb:27:in `require'
	 ... 9 levels...
	from /usr/lib/ruby/1.8/mongrel/command.rb:212:in `run'
	from /usr/lib/ruby/gems/1.8/gems/swiftiply-0.6.1.1/bin/mongrel_rails:252
	from /usr/bin/mongrel_rails:19:in `load'
	from /usr/bin/mongrel_rails:19
** Daemonized, any open files are closed.  Look at tmp/pids/mongrel.5001.pid and log/mongrel.5001.log for info.
** Starting Mongrel listening at 127.0.0.1:5001
** Starting Rails with production environment...
/usr/lib/ruby/gems/1.8/gems/activerecord-2.1.0/lib/active_record/connection_adapters/abstract/connection_specification.rb:218:in `establish_connection': production database is not configured (ActiveRecord::AdapterNotSpecified)
	from /usr/lib/ruby/gems/1.8/gems/activerecord-2.1.0/lib/active_record/connection_adapters/abstract/connection_specification.rb:209:in `establish_connection'
	from /usr/lib/ruby/gems/1.8/gems/rails-2.1.0/lib/initializer.rb:332:in `initialize_database'
	from /usr/lib/ruby/gems/1.8/gems/rails-2.1.0/lib/initializer.rb:120:in `process'
	from /usr/lib/ruby/gems/1.8/gems/rails-2.1.0/lib/initializer.rb:93:in `send'
	from /usr/lib/ruby/gems/1.8/gems/rails-2.1.0/lib/initializer.rb:93:in `run'
	from /home/mitnik/radrails_project/railscode/config/environment.rb:13
	from /usr/local/lib/site_ruby/1.8/rubygems/custom_require.rb:27:in `gem_original_require'
	from /usr/local/lib/site_ruby/1.8/rubygems/custom_require.rb:27:in `require'
	 ... 9 levels...
	from /usr/lib/ruby/1.8/mongrel/command.rb:212:in `run'
	from /usr/lib/ruby/gems/1.8/gems/swiftiply-0.6.1.1/bin/mongrel_rails:252
	from /usr/bin/mongrel_rails:19:in `load'
	from /usr/bin/mongrel_rails:19
** Daemonized, any open files are closed.  Look at tmp/pids/mongrel.5001.pid and log/mongrel.5001.log for info.
** Starting Mongrel listening at 127.0.0.1:5001
** Starting Rails with development environment...
These gems that this application depends on are missing:
 - ruby-openid
Run "rake gems:install" to install them.
** Rails loaded.
** Loading any Rails specific GemPlugins
** Signals ready.  TERM => stop.  USR2 => restart.  INT => stop (no restart).
** Rails signals registered.  HUP => reload (without restart).  It might not work well.
** Mongrel available at 127.0.0.1:5001
** Writing PID file to tmp/pids/mongrel.5001.pid
** TERM signal received.
** Daemonized, any open files are closed.  Look at tmp/pids/mongrel.5001.pid and log/mongrel.5001.log for info.
** Starting Mongrel listening at 127.0.0.1:5001
** Starting Rails with development environment...
These gems that this application depends on are missing:
 - ruby-openid
Run "rake gems:install" to install them.
** Rails loaded.
** Loading any Rails specific GemPlugins
** Signals ready.  TERM => stop.  USR2 => restart.  INT => stop (no restart).
** Rails signals registered.  HUP => reload (without restart).  It might not work well.
** Mongrel available at 127.0.0.1:5001
** Writing PID file to tmp/pids/mongrel.5001.pid
** TERM signal received.
** Daemonized, any open files are closed.  Look at tmp/pids/mongrel.5001.pid and log/mongrel.5001.log for info.
** Starting Mongrel listening at 127.0.0.1:5001
** Starting Rails with development environment...
These gems that this application depends on are missing:
 - ruby-openid
Run "rake gems:install" to install them.
** Rails loaded.
** Loading any Rails specific GemPlugins
** Signals ready.  TERM => stop.  USR2 => restart.  INT => stop (no restart).
** Rails signals registered.  HUP => reload (without restart).  It might not work well.
** Mongrel available at 127.0.0.1:5001
** Writing PID file to tmp/pids/mongrel.5001.pid
** TERM signal received.
** Daemonized, any open files are closed.  Look at tmp/pids/mongrel.5001.pid and log/mongrel.5001.log for info.
** Starting Mongrel listening at 127.0.0.1:5001
** Starting Rails with development environment...
** Rails loaded.
** Loading any Rails specific GemPlugins
** Signals ready.  TERM => stop.  USR2 => restart.  INT => stop (no restart).
** Rails signals registered.  HUP => reload (without restart).  It might not work well.
** Mongrel available at 127.0.0.1:5001
** Writing PID file to tmp/pids/mongrel.5001.pid
** TERM signal received.
** Daemonized, any open files are closed.  Look at tmp/pids/mongrel.5001.pid and log/mongrel.5001.log for info.
** Starting Mongrel listening at 127.0.0.1:5001
** Starting Rails with development environment...
** Rails loaded.
** Loading any Rails specific GemPlugins
** Signals ready.  TERM => stop.  USR2 => restart.  INT => stop (no restart).
** Rails signals registered.  HUP => reload (without restart).  It might not work well.
** Mongrel available at 127.0.0.1:5001
** Writing PID file to tmp/pids/mongrel.5001.pid
** TERM signal received.
** Daemonized, any open files are closed.  Look at tmp/pids/mongrel.5001.pid and log/mongrel.5001.log for info.
** Starting Mongrel listening at 127.0.0.1:5001
** Starting Rails with development environment...
** Rails loaded.
** Loading any Rails specific GemPlugins
** Signals ready.  TERM => stop.  USR2 => restart.  INT => stop (no restart).
** Rails signals registered.  HUP => reload (without restart).  It might not work well.
** Mongrel available at 127.0.0.1:5001
** Writing PID file to tmp/pids/mongrel.5001.pid
Generated checkid_setup request to http://www.myopenid.com/server with assocication {HMAC-SHA1}{48d7a9a9}{1bYgCg==}
** TERM signal received.
** Daemonized, any open files are closed.  Look at tmp/pids/mongrel.5001.pid and log/mongrel.5001.log for info.
** Starting Mongrel listening at 127.0.0.1:5001
** Starting Rails with development environment...
** Rails loaded.
** Loading any Rails specific GemPlugins
** Signals ready.  TERM => stop.  USR2 => restart.  INT => stop (no restart).
** Rails signals registered.  HUP => reload (without restart).  It might not work well.
** Mongrel available at 127.0.0.1:5001
** Writing PID file to tmp/pids/mongrel.5001.pid
** TERM signal received.
** Daemonized, any open files are closed.  Look at tmp/pids/mongrel.5001.pid and log/mongrel.5001.log for info.
** Starting Mongrel listening at 127.0.0.1:5001
** Starting Rails with development environment...
** Rails loaded.
** Loading any Rails specific GemPlugins
** Signals ready.  TERM => stop.  USR2 => restart.  INT => stop (no restart).
** Rails signals registered.  HUP => reload (without restart).  It might not work well.
** Mongrel available at 127.0.0.1:5001
** Writing PID file to tmp/pids/mongrel.5001.pid
Generated checkid_setup request to https://openid.claimid.com/server with assocication {HMAC-SHA1}{48d8e0f5}{WB50eA==}
** TERM signal received.
** Daemonized, any open files are closed.  Look at tmp/pids/mongrel.5001.pid and log/mongrel.5001.log for info.
** Starting Mongrel listening at 127.0.0.1:5001
** Starting Rails with development environment...
** Rails loaded.
** Loading any Rails specific GemPlugins
** Signals ready.  TERM => stop.  USR2 => restart.  INT => stop (no restart).
** Rails signals registered.  HUP => reload (without restart).  It might not work well.
** Mongrel available at 127.0.0.1:5001
** Writing PID file to tmp/pids/mongrel.5001.pid
WARNING: making https request to https://openid.claimid.com/server without verifying server certificate; no CA path was specified.
Generated checkid_setup request to https://openid.claimid.com/server with assocication {HMAC-SHA1}{48db0033}{sxUwgw==}
** TERM signal received.
** Daemonized, any open files are closed.  Look at tmp/pids/mongrel.5001.pid and log/mongrel.5001.log for info.
** Starting Mongrel listening at 127.0.0.1:5001
** Starting Rails with development environment...
** Rails loaded.
** Loading any Rails specific GemPlugins
** Signals ready.  TERM => stop.  USR2 => restart.  INT => stop (no restart).
** Rails signals registered.  HUP => reload (without restart).  It might not work well.
** Mongrel available at 127.0.0.1:5001
** Writing PID file to tmp/pids/mongrel.5001.pid
** TERM signal received.
** Daemonized, any open files are closed.  Look at tmp/pids/mongrel.5001.pid and log/mongrel.5001.log for info.
** Starting Mongrel listening at 127.0.0.1:5001
** Starting Rails with development environment...
** Rails loaded.
** Loading any Rails specific GemPlugins
** Signals ready.  TERM => stop.  USR2 => restart.  INT => stop (no restart).
** Rails signals registered.  HUP => reload (without restart).  It might not work well.
** Mongrel available at 127.0.0.1:5001
** Writing PID file to tmp/pids/mongrel.5001.pid
Generated checkid_setup request to http://www.myopenid.com/server with assocication {HMAC-SHA1}{48d7a9a9}{1bYgCg==}
Generated checkid_setup request to http://www.myopenid.com/server with assocication {HMAC-SHA1}{48d7a9a9}{1bYgCg==}
Generated checkid_setup request to http://www.myopenid.com/server with assocication {HMAC-SHA1}{48d7a9a9}{1bYgCg==}
** TERM signal received.
** Daemonized, any open files are closed.  Look at tmp/pids/mongrel.5001.pid and log/mongrel.5001.log for info.
** Starting Mongrel listening at 127.0.0.1:5001
** Starting Rails with development environment...
** Rails loaded.
** Loading any Rails specific GemPlugins
** Signals ready.  TERM => stop.  USR2 => restart.  INT => stop (no restart).
** Rails signals registered.  HUP => reload (without restart).  It might not work well.
** Mongrel available at 127.0.0.1:5001
** Writing PID file to tmp/pids/mongrel.5001.pid
** TERM signal received.
** Daemonized, any open files are closed.  Look at tmp/pids/mongrel.5001.pid and log/mongrel.5001.log for info.
** Starting Mongrel listening at 127.0.0.1:5001
** Starting Rails with development environment...
** Rails loaded.
** Loading any Rails specific GemPlugins
** Signals ready.  TERM => stop.  USR2 => restart.  INT => stop (no restart).
** Rails signals registered.  HUP => reload (without restart).  It might not work well.
** Mongrel available at 127.0.0.1:5001
** Writing PID file to tmp/pids/mongrel.5001.pid
** TERM signal received.
** Daemonized, any open files are closed.  Look at tmp/pids/mongrel.5001.pid and log/mongrel.5001.log for info.
** Starting Mongrel listening at 127.0.0.1:5001
** Starting Rails with development environment...
** Rails loaded.
** Loading any Rails specific GemPlugins
** Signals ready.  TERM => stop.  USR2 => restart.  INT => stop (no restart).
** Rails signals registered.  HUP => reload (without restart).  It might not work well.
** Mongrel available at 127.0.0.1:5001
** Writing PID file to tmp/pids/mongrel.5001.pid
** TERM signal received.
** Daemonized, any open files are closed.  Look at tmp/pids/mongrel.5001.pid and log/mongrel.5001.log for info.
** Starting Mongrel listening at 127.0.0.1:5001
** Starting Rails with development environment...
** Rails loaded.
** Loading any Rails specific GemPlugins
** Signals ready.  TERM => stop.  USR2 => restart.  INT => stop (no restart).
** Rails signals registered.  HUP => reload (without restart).  It might not work well.
** Mongrel available at 127.0.0.1:5001
** Writing PID file to tmp/pids/mongrel.5001.pid
** TERM signal received.
** Daemonized, any open files are closed.  Look at tmp/pids/mongrel.5001.pid and log/mongrel.5001.log for info.
** Starting Mongrel listening at 127.0.0.1:5001
** Starting Rails with development environment...
** Rails loaded.
** Loading any Rails specific GemPlugins
** Signals ready.  TERM => stop.  USR2 => restart.  INT => stop (no restart).
** Rails signals registered.  HUP => reload (without restart).  It might not work well.
** Mongrel available at 127.0.0.1:5001
** Writing PID file to tmp/pids/mongrel.5001.pid
/usr/lib/ruby/gems/1.8/gems/actionpack-2.1.0/lib/action_controller/mime_type.rb:87: [BUG] Segmentation fault
ruby 1.8.6 (2007-09-24) [i486-linux]

** Daemonized, any open files are closed.  Look at tmp/pids/mongrel.5001.pid and log/mongrel.5001.log for info.
** Starting Mongrel listening at 127.0.0.1:5001
** Starting Rails with production environment...
** [NewRelic] New Relic RPM Agent Initialized: pid = 15892
** [NewRelic] Agent Log is found in /home/mitnik/radrails_project/railscode/log/newrelic_agent.5001.log
** [NewRelic] Connected to NewRelic Service at collector.newrelic.com:80.
** [NewRelic] Reporting performance data every 60 seconds
** Rails loaded.
** Loading any Rails specific GemPlugins
** Signals ready.  TERM => stop.  USR2 => restart.  INT => stop (no restart).
** Rails signals registered.  HUP => reload (without restart).  It might not work well.
** Mongrel available at 127.0.0.1:5001
** Writing PID file to tmp/pids/mongrel.5001.pid
** TERM signal received.
** Daemonized, any open files are closed.  Look at tmp/pids/mongrel.5001.pid and log/mongrel.5001.log for info.
** Starting Mongrel listening at 127.0.0.1:5001
** Starting Rails with production environment...
** [NewRelic] New Relic RPM Agent Initialized: pid = 17781
** [NewRelic] Agent Log is found in /home/mitnik/radrails_project/railscode/log/newrelic_agent.5001.log
** [NewRelic] Connected to NewRelic Service at collector.newrelic.com:80.
** [NewRelic] Reporting performance data every 60 seconds
** Rails loaded.
** Loading any Rails specific GemPlugins
** Signals ready.  TERM => stop.  USR2 => restart.  INT => stop (no restart).
** Rails signals registered.  HUP => reload (without restart).  It might not work well.
** Mongrel available at 127.0.0.1:5001
** Writing PID file to tmp/pids/mongrel.5001.pid
** TERM signal received.
** Daemonized, any open files are closed.  Look at tmp/pids/mongrel.5001.pid and log/mongrel.5001.log for info.
** Starting Mongrel listening at 127.0.0.1:5001
** Starting Rails with production environment...
** [NewRelic] New Relic RPM Agent Initialized: pid = 18638
** [NewRelic] Agent Log is found in /home/mitnik/radrails_project/railscode/log/newrelic_agent.5001.log
** [NewRelic] Connected to NewRelic Service at collector.newrelic.com:80.
** [NewRelic] Reporting performance data every 60 seconds
** Rails loaded.
** Loading any Rails specific GemPlugins
** Signals ready.  TERM => stop.  USR2 => restart.  INT => stop (no restart).
** Rails signals registered.  HUP => reload (without restart).  It might not work well.
** Mongrel available at 127.0.0.1:5001
** Writing PID file to tmp/pids/mongrel.5001.pid
** TERM signal received.
** Daemonized, any open files are closed.  Look at tmp/pids/mongrel.5001.pid and log/mongrel.5001.log for info.
** Starting Mongrel listening at 127.0.0.1:5001
** Starting Rails with production environment...
** [NewRelic] New Relic RPM Agent Initialized: pid = 19061
** [NewRelic] Agent Log is found in /home/mitnik/radrails_project/railscode/log/newrelic_agent.5001.log
** [NewRelic] Connected to NewRelic Service at collector.newrelic.com:80.
** [NewRelic] Reporting performance data every 60 seconds
** Rails loaded.
** Loading any Rails specific GemPlugins
** Signals ready.  TERM => stop.  USR2 => restart.  INT => stop (no restart).
** Rails signals registered.  HUP => reload (without restart).  It might not work well.
** Mongrel available at 127.0.0.1:5001
** Writing PID file to tmp/pids/mongrel.5001.pid
** TERM signal received.
** Daemonized, any open files are closed.  Look at tmp/pids/mongrel.5001.pid and log/mongrel.5001.log for info.
** Starting Mongrel listening at 127.0.0.1:5001
** Starting Rails with production environment...
** [NewRelic] New Relic RPM Agent Initialized: pid = 19430
** [NewRelic] Agent Log is found in /home/mitnik/radrails_project/railscode/log/newrelic_agent.5001.log
** [NewRelic] Connected to NewRelic Service at collector.newrelic.com:80.
** [NewRelic] Reporting performance data every 60 seconds
** Rails loaded.
** Loading any Rails specific GemPlugins
** Signals ready.  TERM => stop.  USR2 => restart.  INT => stop (no restart).
** Rails signals registered.  HUP => reload (without restart).  It might not work well.
** Mongrel available at 127.0.0.1:5001
** Writing PID file to tmp/pids/mongrel.5001.pid
** TERM signal received.
** Daemonized, any open files are closed.  Look at tmp/pids/mongrel.5001.pid and log/mongrel.5001.log for info.
** Starting Mongrel listening at 127.0.0.1:5001
** Starting Rails with production environment...
** [NewRelic] New Relic RPM Agent Initialized: pid = 20922
** [NewRelic] Agent Log is found in /home/mitnik/radrails_project/railscode/log/newrelic_agent.5001.log
** [NewRelic] Connected to NewRelic Service at collector.newrelic.com:80.
** [NewRelic] Reporting performance data every 60 seconds
** Rails loaded.
** Loading any Rails specific GemPlugins
** Signals ready.  TERM => stop.  USR2 => restart.  INT => stop (no restart).
** Rails signals registered.  HUP => reload (without restart).  It might not work well.
** Mongrel available at 127.0.0.1:5001
** Writing PID file to tmp/pids/mongrel.5001.pid
** TERM signal received.
** Daemonized, any open files are closed.  Look at tmp/pids/mongrel.5001.pid and log/mongrel.5001.log for info.
** Starting Mongrel listening at 127.0.0.1:5001
** Starting Rails with development environment...
** [NewRelic] New Relic RPM Agent Initialized: pid = 22527
** [NewRelic] Agent Log is found in /home/mitnik/radrails_project/railscode/log/newrelic_agent.5001.log
** [NewRelic] NewRelic Agent (Developer Mode) enabled.
** [NewRelic] To view performance information, go to http://localhost/newrelic
** Rails loaded.
** Loading any Rails specific GemPlugins
** Signals ready.  TERM => stop.  USR2 => restart.  INT => stop (no restart).
** Rails signals registered.  HUP => reload (without restart).  It might not work well.
** Mongrel available at 127.0.0.1:5001
** Writing PID file to tmp/pids/mongrel.5001.pid
** TERM signal received.
** Daemonized, any open files are closed.  Look at tmp/pids/mongrel.5001.pid and log/mongrel.5001.log for info.
** Starting Mongrel listening at 127.0.0.1:5001
** Starting Rails with development environment...
** [NewRelic] New Relic RPM Agent Initialized: pid = 23091
** [NewRelic] Agent Log is found in /home/mitnik/radrails_project/railscode/log/newrelic_agent.5001.log
** [NewRelic] NewRelic Agent (Developer Mode) enabled.
** [NewRelic] To view performance information, go to http://localhost/newrelic
** Rails loaded.
** Loading any Rails specific GemPlugins
** Signals ready.  TERM => stop.  USR2 => restart.  INT => stop (no restart).
** Rails signals registered.  HUP => reload (without restart).  It might not work well.
** Mongrel available at 127.0.0.1:5001
** Writing PID file to tmp/pids/mongrel.5001.pid
** TERM signal received.
** Daemonized, any open files are closed.  Look at tmp/pids/mongrel.5001.pid and log/mongrel.5001.log for info.
** Starting Mongrel listening at 127.0.0.1:5001
** Starting Rails with production environment...
** [NewRelic] New Relic RPM Agent Initialized: pid = 9577
** [NewRelic] Agent Log is found in /home/mitnik/radrails_project/railscode/log/newrelic_agent.5001.log
** [NewRelic] Connected to NewRelic Service at collector.newrelic.com:80.
** [NewRelic] Reporting performance data every 60 seconds
** Rails loaded.
** Loading any Rails specific GemPlugins
** Signals ready.  TERM => stop.  USR2 => restart.  INT => stop (no restart).
** Rails signals registered.  HUP => reload (without restart).  It might not work well.
** Mongrel available at 127.0.0.1:5001
** Writing PID file to tmp/pids/mongrel.5001.pid
** TERM signal received.
** Daemonized, any open files are closed.  Look at tmp/pids/mongrel.5001.pid and log/mongrel.5001.log for info.
** Starting Mongrel listening at 127.0.0.1:5001
** Starting Rails with production environment...
** [NewRelic] New Relic RPM Agent Initialized: pid = 11618
** [NewRelic] Agent Log is found in /home/mitnik/radrails_project/railscode/log/newrelic_agent.5001.log
** [NewRelic] Connected to NewRelic Service at collector.newrelic.com:80.
** [NewRelic] Reporting performance data every 60 seconds
** Rails loaded.
** Loading any Rails specific GemPlugins
** Signals ready.  TERM => stop.  USR2 => restart.  INT => stop (no restart).
** Rails signals registered.  HUP => reload (without restart).  It might not work well.
** Mongrel available at 127.0.0.1:5001
** Writing PID file to tmp/pids/mongrel.5001.pid
"eAgRPhqrA5E"
"UuQ_q13PvoM"
"64Xn9edeWRA"
"SYJExqcbhVE"
** TERM signal received.
** Daemonized, any open files are closed.  Look at tmp/pids/mongrel.5001.pid and log/mongrel.5001.log for info.
** Starting Mongrel listening at 127.0.0.1:5001
** Starting Rails with production environment...
** [NewRelic] New Relic RPM Agent Initialized: pid = 16966
** [NewRelic] Agent Log is found in /home/mitnik/radrails_project/railscode/log/newrelic_agent.5001.log
** [NewRelic] Connected to NewRelic Service at collector.newrelic.com:80.
** Rails loaded.
** Loading any Rails specific GemPlugins
** Signals ready.  TERM => stop.  USR2 => restart.  INT => stop (no restart).
** Rails signals registered.  HUP => reload (without restart).  It might not work well.
** Mongrel available at 127.0.0.1:5001
** Writing PID file to tmp/pids/mongrel.5001.pid
** [NewRelic] Reporting performance data every 60 seconds
** TERM signal received.
** Daemonized, any open files are closed.  Look at tmp/pids/mongrel.5001.pid and log/mongrel.5001.log for info.
** Starting Mongrel listening at 127.0.0.1:5001
** Starting Rails with production environment...
** [NewRelic] New Relic RPM Agent Initialized: pid = 11220
** [NewRelic] Agent Log is found in /home/mitnik/radrails_project/railscode/log/newrelic_agent.5001.log
** [NewRelic] Connected to NewRelic Service at collector.newrelic.com:80.
** [NewRelic] Reporting performance data every 60 seconds
** Rails loaded.
** Loading any Rails specific GemPlugins
** Signals ready.  TERM => stop.  USR2 => restart.  INT => stop (no restart).
** Rails signals registered.  HUP => reload (without restart).  It might not work well.
** Mongrel available at 127.0.0.1:5001
** Writing PID file to tmp/pids/mongrel.5001.pid
** TERM signal received.
** Daemonized, any open files are closed.  Look at tmp/pids/mongrel.5001.pid and log/mongrel.5001.log for info.
** Starting Mongrel listening at 127.0.0.1:5001
** Starting Rails with production environment...
** [NewRelic] New Relic RPM Agent Initialized: pid = 9937
** [NewRelic] Agent Log is found in /home/mitnik/radrails_project/railscode/log/newrelic_agent.5001.log
** [NewRelic] Connected to NewRelic Service at collector.newrelic.com:80.
** [NewRelic] Reporting performance data every 60 seconds
** Rails loaded.
** Loading any Rails specific GemPlugins
** Signals ready.  TERM => stop.  USR2 => restart.  INT => stop (no restart).
** Rails signals registered.  HUP => reload (without restart).  It might not work well.
** Mongrel available at 127.0.0.1:5001
** Writing PID file to tmp/pids/mongrel.5001.pid
** TERM signal received.
** Daemonized, any open files are closed.  Look at tmp/pids/mongrel.5001.pid and log/mongrel.5001.log for info.
** Starting Mongrel listening at 127.0.0.1:5001
** Starting Rails with production environment...
** [NewRelic] New Relic RPM Agent Initialized: pid = 26476
** [NewRelic] Agent Log is found in /home/mitnik/radrails_project/railscode/log/newrelic_agent.5001.log
** [NewRelic] Connected to NewRelic Service at collector.newrelic.com:80.
** [NewRelic] Reporting performance data every 60 seconds
/usr/lib/ruby/gems/1.8/gems/activesupport-2.1.0/lib/active_support/dependencies.rb:275:in `load_missing_constant': uninitialized constant OpenID::OpenIDError (NameError)
	from /usr/lib/ruby/gems/1.8/gems/activesupport-2.1.0/lib/active_support/dependencies.rb:467:in `const_missing'
	from /usr/lib/ruby/gems/1.8/gems/ruby-openid-2.1.2/lib/openid/protocolerror.rb:6
	from /usr/local/lib/site_ruby/1.8/rubygems/custom_require.rb:27:in `gem_original_require'
	from /usr/local/lib/site_ruby/1.8/rubygems/custom_require.rb:27:in `require'
	from /usr/lib/ruby/gems/1.8/gems/activesupport-2.1.0/lib/active_support/dependencies.rb:509:in `require'
	from /usr/lib/ruby/gems/1.8/gems/activesupport-2.1.0/lib/active_support/dependencies.rb:354:in `new_constants_in'
	from /usr/lib/ruby/gems/1.8/gems/activesupport-2.1.0/lib/active_support/dependencies.rb:509:in `require'
	from /usr/lib/ruby/gems/1.8/gems/ruby-openid-2.1.2/lib/openid/consumer/idres.rb:2
	 ... 37 levels...
	from /usr/lib/ruby/1.8/mongrel/command.rb:212:in `run'
	from /usr/lib/ruby/gems/1.8/gems/swiftiply-0.6.1.1/bin/mongrel_rails:252
	from /usr/bin/mongrel_rails:19:in `load'
	from /usr/bin/mongrel_rails:19
** Daemonized, any open files are closed.  Look at tmp/pids/mongrel.5001.pid and log/mongrel.5001.log for info.
** Starting Mongrel listening at 127.0.0.1:5001
** Starting Rails with production environment...
** [NewRelic] New Relic RPM Agent Initialized: pid = 26731
** [NewRelic] Agent Log is found in /home/mitnik/radrails_project/railscode/log/newrelic_agent.5001.log
** [NewRelic] Connected to NewRelic Service at collector.newrelic.com:80.
** [NewRelic] Reporting performance data every 60 seconds
** Rails loaded.
** Loading any Rails specific GemPlugins
** Signals ready.  TERM => stop.  USR2 => restart.  INT => stop (no restart).
** Rails signals registered.  HUP => reload (without restart).  It might not work well.
** Mongrel available at 127.0.0.1:5001
** Writing PID file to tmp/pids/mongrel.5001.pid
** TERM signal received.
** Daemonized, any open files are closed.  Look at tmp/pids/mongrel.5001.pid and log/mongrel.5001.log for info.
** Starting Mongrel listening at 127.0.0.1:5001
** Starting Rails with production environment...
** [NewRelic] New Relic RPM Agent Initialized: pid = 12919
** [NewRelic] Agent Log is found in /home/mitnik/radrails_project/railscode/log/newrelic_agent.5001.log
** [NewRelic] Connected to NewRelic Service at collector.newrelic.com:80.
** [NewRelic] Reporting performance data every 60 seconds
** Rails loaded.
** Loading any Rails specific GemPlugins
** Signals ready.  TERM => stop.  USR2 => restart.  INT => stop (no restart).
** Rails signals registered.  HUP => reload (without restart).  It might not work well.
** Mongrel available at 127.0.0.1:5001
** Writing PID file to tmp/pids/mongrel.5001.pid
"gObPmISUxic"
"jbQ3NtcNKOY"
"gObPmISUxic"
"gObPmISUxic"
"jbQ3NtcNKOY"
Submitting request [url=http://gdata.youtube.com/feeds/api/users/nuclear0304/uploads].
"gObPmISUxic"
"jbQ3NtcNKOY"
Submitting request [url=http://gdata.youtube.com/feeds/api/users/nuclear0304/uploads].
"gObPmISUxic"
"jbQ3NtcNKOY"
Submitting request [url=http://gdata.youtube.com/feeds/api/users/blogmitnik/uploads].
"pk_m3jkT1XE"
"jbQ3NtcNKOY"
"SYJExqcbhVE"
"kDMIyXBBDsA"
"KyMPRRFzuig"
Submitting request [url=http://gdata.youtube.com/feeds/api/users/blogmitnik/uploads].
"pk_m3jkT1XE"
** TERM signal received.
** Daemonized, any open files are closed.  Look at tmp/pids/mongrel.5001.pid and log/mongrel.5001.log for info.
** Starting Mongrel listening at 127.0.0.1:5001
** Starting Rails with production environment...
** [NewRelic] New Relic RPM Agent Initialized: pid = 18566
** [NewRelic] Agent Log is found in /home/mitnik/radrails_project/railscode/log/newrelic_agent.5001.log
** [NewRelic] Connected to NewRelic Service at collector.newrelic.com:80.
** [NewRelic] Reporting performance data every 60 seconds
** Rails loaded.
** Loading any Rails specific GemPlugins
** Signals ready.  TERM => stop.  USR2 => restart.  INT => stop (no restart).
** Rails signals registered.  HUP => reload (without restart).  It might not work well.
** Mongrel available at 127.0.0.1:5001
** Writing PID file to tmp/pids/mongrel.5001.pid
** TERM signal received.
** Daemonized, any open files are closed.  Look at tmp/pids/mongrel.5001.pid and log/mongrel.5001.log for info.
** Starting Mongrel listening at 127.0.0.1:5001
** Starting Rails with production environment...
** [NewRelic] New Relic RPM Agent Initialized: pid = 19452
** [NewRelic] Agent Log is found in /home/mitnik/radrails_project/railscode/log/newrelic_agent.5001.log
** [NewRelic] Connected to NewRelic Service at collector.newrelic.com:80.
** [NewRelic] Reporting performance data every 60 seconds
** Rails loaded.
** Loading any Rails specific GemPlugins
** Signals ready.  TERM => stop.  USR2 => restart.  INT => stop (no restart).
** Rails signals registered.  HUP => reload (without restart).  It might not work well.
** Mongrel available at 127.0.0.1:5001
** Writing PID file to tmp/pids/mongrel.5001.pid
Submitting request [url=http://gdata.youtube.com/feeds/api/users/CWTV/uploads].
Submitting request [url=http://gdata.youtube.com/feeds/api/users/nuclear0304/uploads].
"gObPmISUxic"
"jbQ3NtcNKOY"
"SYJExqcbhVE"
"kDMIyXBBDsA"
"KyMPRRFzuig"
Submitting request [url=http://gdata.youtube.com/feeds/api/users/blogmitnik/uploads].
"pk_m3jkT1XE"
Submitting request [url=http://gdata.youtube.com/feeds/api/users/blogmitnik/uploads].
"pk_m3jkT1XE"
** TERM signal received.
** Daemonized, any open files are closed.  Look at tmp/pids/mongrel.5001.pid and log/mongrel.5001.log for info.
** Starting Mongrel listening at 127.0.0.1:5001
** Starting Rails with production environment...
** [NewRelic] New Relic RPM Agent Initialized: pid = 27660
** [NewRelic] Agent Log is found in /home/mitnik/radrails_project/railscode/log/newrelic_agent.5001.log
** [NewRelic] Connected to NewRelic Service at collector.newrelic.com:80.
** [NewRelic] Reporting performance data every 60 seconds
** Rails loaded.
** Loading any Rails specific GemPlugins
** Signals ready.  TERM => stop.  USR2 => restart.  INT => stop (no restart).
** Rails signals registered.  HUP => reload (without restart).  It might not work well.
** Mongrel available at 127.0.0.1:5001
** Writing PID file to tmp/pids/mongrel.5001.pid
Submitting request [url=http://gdata.youtube.com/feeds/api/users/nuclear0304/uploads].
"gObPmISUxic"
"jbQ3NtcNKOY"
Submitting request [url=http://gdata.youtube.com/feeds/api/users/nuclear0304/uploads].
"gObPmISUxic"
"jbQ3NtcNKOY"
"ae0t808v9GQ"
Submitting request [url=http://gdata.youtube.com/feeds/api/users/nuclear0304/uploads].
"gObPmISUxic"
"jbQ3NtcNKOY"
Submitting request [url=http://gdata.youtube.com/feeds/api/users/nuclear0304/uploads].
"gObPmISUxic"
"jbQ3NtcNKOY"
Submitting request [url=http://gdata.youtube.com/feeds/api/users/nuclear0304/uploads].
"gObPmISUxic"
"jbQ3NtcNKOY"
** TERM signal received.
** Daemonized, any open files are closed.  Look at tmp/pids/mongrel.5001.pid and log/mongrel.5001.log for info.
** Starting Mongrel listening at 127.0.0.1:5001
** Starting Rails with production environment...
** [NewRelic] New Relic RPM Agent Initialized: pid = 30042
** [NewRelic] Agent Log is found in /home/mitnik/radrails_project/railscode/log/newrelic_agent.5001.log
** [NewRelic] Connected to NewRelic Service at collector.newrelic.com:80.
** [NewRelic] Reporting performance data every 60 seconds
** Rails loaded.
** Loading any Rails specific GemPlugins
** Signals ready.  TERM => stop.  USR2 => restart.  INT => stop (no restart).
** Rails signals registered.  HUP => reload (without restart).  It might not work well.
** Mongrel available at 127.0.0.1:5001
** Writing PID file to tmp/pids/mongrel.5001.pid
Submitting request [url=http://gdata.youtube.com/feeds/api/users/nuclear0304/uploads].
"gObPmISUxic"
"jbQ3NtcNKOY"
Submitting request [url=http://gdata.youtube.com/feeds/api/users/nuclear0304/uploads].
"gObPmISUxic"
"jbQ3NtcNKOY"
Submitting request [url=http://gdata.youtube.com/feeds/api/users/nuclear0304/uploads].
"gObPmISUxic"
"jbQ3NtcNKOY"
** TERM signal received.
** Daemonized, any open files are closed.  Look at tmp/pids/mongrel.5001.pid and log/mongrel.5001.log for info.
** Starting Mongrel listening at 127.0.0.1:5001
** Starting Rails with production environment...
** [NewRelic] New Relic RPM Agent Initialized: pid = 27044
** [NewRelic] Agent Log is found in /home/mitnik/radrails_project/railscode/log/newrelic_agent.5001.log
** [NewRelic] Connected to NewRelic Service at collector.newrelic.com:80.
** [NewRelic] Reporting performance data every 60 seconds
** Rails loaded.
** Loading any Rails specific GemPlugins
** Signals ready.  TERM => stop.  USR2 => restart.  INT => stop (no restart).
** Rails signals registered.  HUP => reload (without restart).  It might not work well.
** Mongrel available at 127.0.0.1:5001
** Writing PID file to tmp/pids/mongrel.5001.pid
** TERM signal received.
** Daemonized, any open files are closed.  Look at tmp/pids/mongrel.5001.pid and log/mongrel.5001.log for info.
** Starting Mongrel listening at 127.0.0.1:5001
** Starting Rails with production environment...
** [NewRelic] New Relic RPM Agent Initialized: pid = 25027
** [NewRelic] Agent Log is found in /home/mitnik/radrails_project/railscode/log/newrelic_agent.5001.log
** [NewRelic] Connected to NewRelic Service at collector.newrelic.com:80.
** [NewRelic] Reporting performance data every 60 seconds
** Rails loaded.
** Loading any Rails specific GemPlugins
** Signals ready.  TERM => stop.  USR2 => restart.  INT => stop (no restart).
** Rails signals registered.  HUP => reload (without restart).  It might not work well.
** Mongrel available at 127.0.0.1:5001
** Writing PID file to tmp/pids/mongrel.5001.pid
/home/mitnik/radrails_project/railscode/app/views/home/index.html.erb:8: warning: don't put space before argument parentheses
** TERM signal received.
** Daemonized, any open files are closed.  Look at tmp/pids/mongrel.5001.pid and log/mongrel.5001.log for info.
** Starting Mongrel listening at 127.0.0.1:5001
** Starting Rails with production environment...
** [NewRelic] New Relic RPM Agent Initialized: pid = 25288
** [NewRelic] Agent Log is found in /home/mitnik/radrails_project/railscode/log/newrelic_agent.5001.log
** [NewRelic] Connected to NewRelic Service at collector.newrelic.com:80.
** [NewRelic] Reporting performance data every 60 seconds
** Rails loaded.
** Loading any Rails specific GemPlugins
** Signals ready.  TERM => stop.  USR2 => restart.  INT => stop (no restart).
** Rails signals registered.  HUP => reload (without restart).  It might not work well.
** Mongrel available at 127.0.0.1:5001
** Writing PID file to tmp/pids/mongrel.5001.pid
Submitting request [url=http://gdata.youtube.com/feeds/api/users/CWTV/uploads].
/home/mitnik/radrails_project/railscode/app/views/profile/show.rss.builder:11: warning: don't put space before argument parentheses
Submitting request [url=http://gdata.youtube.com/feeds/api/users/CWTV/uploads].
/home/mitnik/radrails_project/railscode/app/views/home/index.html.erb:8: warning: don't put space before argument parentheses
** TERM signal received.
** Daemonized, any open files are closed.  Look at tmp/pids/mongrel.5001.pid and log/mongrel.5001.log for info.
** Starting Mongrel listening at 127.0.0.1:5001
** Starting Rails with production environment...
/home/mitnik/radrails_project/railscode/config/../vendor/rails/railties/lib/initializer.rb:229:in `require_frameworks': no such file to load -- xmlsimple (RuntimeError)
	from /home/mitnik/radrails_project/railscode/config/../vendor/rails/railties/lib/initializer.rb:118:in `process'
	from /home/mitnik/radrails_project/railscode/config/../vendor/rails/railties/lib/initializer.rb:97:in `send'
	from /home/mitnik/radrails_project/railscode/config/../vendor/rails/railties/lib/initializer.rb:97:in `run'
	from /home/mitnik/radrails_project/railscode/config/environment.rb:26
	from /usr/local/lib/site_ruby/1.8/rubygems/custom_require.rb:31:in `gem_original_require'
	from /usr/local/lib/site_ruby/1.8/rubygems/custom_require.rb:31:in `require'
	from /usr/lib/ruby/1.8/mongrel/rails.rb:147:in `rails'
	from /usr/lib/ruby/gems/1.8/gems/swiftiply-0.6.1.1/bin/mongrel_rails:121:in `cloaker_'
	 ... 7 levels...
	from /usr/lib/ruby/1.8/mongrel/command.rb:212:in `run'
	from /usr/lib/ruby/gems/1.8/gems/swiftiply-0.6.1.1/bin/mongrel_rails:252
	from /usr/bin/mongrel_rails:19:in `load'
	from /usr/bin/mongrel_rails:19
** Daemonized, any open files are closed.  Look at tmp/pids/mongrel.5001.pid and log/mongrel.5001.log for info.
** Starting Mongrel listening at 127.0.0.1:5001
** Starting Rails with production environment...
/home/mitnik/radrails_project/railscode/config/../vendor/rails/railties/lib/initializer.rb:229:in `require_frameworks': no such file to load -- xmlsimple (RuntimeError)
	from /home/mitnik/radrails_project/railscode/config/../vendor/rails/railties/lib/initializer.rb:118:in `process'
	from /home/mitnik/radrails_project/railscode/config/../vendor/rails/railties/lib/initializer.rb:97:in `send'
	from /home/mitnik/radrails_project/railscode/config/../vendor/rails/railties/lib/initializer.rb:97:in `run'
	from /home/mitnik/radrails_project/railscode/config/environment.rb:26
	from /usr/local/lib/site_ruby/1.8/rubygems/custom_require.rb:31:in `gem_original_require'
	from /usr/local/lib/site_ruby/1.8/rubygems/custom_require.rb:31:in `require'
	from /usr/lib/ruby/1.8/mongrel/rails.rb:147:in `rails'
	from /usr/lib/ruby/gems/1.8/gems/swiftiply-0.6.1.1/bin/mongrel_rails:121:in `cloaker_'
	 ... 7 levels...
	from /usr/lib/ruby/1.8/mongrel/command.rb:212:in `run'
	from /usr/lib/ruby/gems/1.8/gems/swiftiply-0.6.1.1/bin/mongrel_rails:252
	from /usr/bin/mongrel_rails:19:in `load'
	from /usr/bin/mongrel_rails:19
** Daemonized, any open files are closed.  Look at tmp/pids/mongrel.5001.pid and log/mongrel.5001.log for info.
** Starting Mongrel listening at 127.0.0.1:5001
** Starting Rails with production environment...
** [NewRelic] New Relic RPM Agent Initialized: pid = 23211
** [NewRelic] Agent Log is found in /home/mitnik/radrails_project/railscode/log/newrelic_agent.5001.log
** [NewRelic] Connected to NewRelic Service at collector.newrelic.com:80.
** [NewRelic] Reporting performance data every 60 seconds
/home/mitnik/radrails_project/railscode/vendor/plugins/ultrasphinx/lib/ultrasphinx/fields.rb:130: warning: Object#type is deprecated; use Object#class
** Rails loaded.
** Loading any Rails specific GemPlugins
** Signals ready.  TERM => stop.  USR2 => restart.  INT => stop (no restart).
** Rails signals registered.  HUP => reload (without restart).  It might not work well.
** Mongrel available at 127.0.0.1:5001
** Writing PID file to tmp/pids/mongrel.5001.pid
** TERM signal received.
** Daemonized, any open files are closed.  Look at tmp/pids/mongrel.5001.pid and log/mongrel.5001.log for info.
** Starting Mongrel listening at 127.0.0.1:5001
** Starting Rails with development environment...
** [NewRelic] New Relic RPM Agent Initialized: pid = 25235
** [NewRelic] Agent Log is found in /home/mitnik/radrails_project/railscode/log/newrelic_agent.5001.log
** [NewRelic] NewRelic Agent (Developer Mode) enabled.
** [NewRelic] To view performance information, go to http://localhost/newrelic
** Rails loaded.
** Loading any Rails specific GemPlugins
** Signals ready.  TERM => stop.  USR2 => restart.  INT => stop (no restart).
** Rails signals registered.  HUP => reload (without restart).  It might not work well.
** Mongrel available at 127.0.0.1:5001
** Writing PID file to tmp/pids/mongrel.5001.pid
"gObPmISUxic"

"jbQ3NtcNKOY"

** TERM signal received.
** Daemonized, any open files are closed.  Look at tmp/pids/mongrel.5001.pid and log/mongrel.5001.log for info.
** Starting Mongrel listening at 127.0.0.1:5001
** Starting Rails with development environment...
** [NewRelic] New Relic RPM Agent Initialized: pid = 9932
** [NewRelic] Agent Log is found in /home/mitnik/workspace/railscode/log/newrelic_agent.5001.log
** [NewRelic] NewRelic Agent (Developer Mode) enabled.
** [NewRelic] To view performance information, go to http://localhost/newrelic
** Rails loaded.
** Loading any Rails specific GemPlugins
** Signals ready.  TERM => stop.  USR2 => restart.  INT => stop (no restart).
** Rails signals registered.  HUP => reload (without restart).  It might not work well.
** Mongrel 1.1.5 available at 127.0.0.1:5001
** Writing PID file to tmp/pids/mongrel.5001.pid
** TERM signal received.
** Daemonized, any open files are closed.  Look at tmp/pids/mongrel.5001.pid and log/mongrel.5001.log for info.
** Starting Mongrel listening at 127.0.0.1:5001
** Starting Rails with development environment...
** [NewRelic] New Relic RPM Agent Initialized: pid = 10713
** [NewRelic] Agent Log is found in /home/mitnik/workspace/railscode/log/newrelic_agent.5001.log
** [NewRelic] NewRelic Agent (Developer Mode) enabled.
** [NewRelic] To view performance information, go to http://localhost/newrelic
** Rails loaded.
** Loading any Rails specific GemPlugins
** Signals ready.  TERM => stop.  USR2 => restart.  INT => stop (no restart).
** Rails signals registered.  HUP => reload (without restart).  It might not work well.
** Mongrel 1.1.5 available at 127.0.0.1:5001
** Writing PID file to tmp/pids/mongrel.5001.pid
/var/lib/gems/1.8/gems/activesupport-2.1.1/lib/active_support/dependencies.rb:150: [BUG] gc_sweep(): unknown data type 0x0(0xb45fb9f0)
ruby 1.8.7 (2010-01-10 patchlevel 249) [i486-linux]

** Daemonized, any open files are closed.  Look at tmp/pids/mongrel.5001.pid and log/mongrel.5001.log for info.
** Starting Mongrel listening at 127.0.0.1:5001
** Starting Rails with development environment...
** [NewRelic] New Relic RPM Agent Initialized: pid = 16675
** [NewRelic] Agent Log is found in /home/mitnik/workspace/railscode/log/newrelic_agent.5001.log
** [NewRelic] NewRelic Agent (Developer Mode) enabled.
** [NewRelic] To view performance information, go to http://localhost/newrelic
** Rails loaded.
** Loading any Rails specific GemPlugins
** Signals ready.  TERM => stop.  USR2 => restart.  INT => stop (no restart).
** Rails signals registered.  HUP => reload (without restart).  It might not work well.
** Mongrel 1.1.5 available at 127.0.0.1:5001
** Writing PID file to tmp/pids/mongrel.5001.pid
** TERM signal received.
** Daemonized, any open files are closed.  Look at tmp/pids/mongrel.5001.pid and log/mongrel.5001.log for info.
** Starting Mongrel listening at 127.0.0.1:5001
** Starting Rails with development environment...
** [NewRelic] New Relic RPM Agent Initialized: pid = 9181
** [NewRelic] Agent Log is found in /home/mitnik/workspace/railscode/log/newrelic_agent.5001.log
** [NewRelic] NewRelic Agent (Developer Mode) enabled.
** [NewRelic] To view performance information, go to http://localhost/newrelic
** Rails loaded.
** Loading any Rails specific GemPlugins
** Signals ready.  TERM => stop.  USR2 => restart.  INT => stop (no restart).
** Rails signals registered.  HUP => reload (without restart).  It might not work well.
** Mongrel 1.1.5 available at 127.0.0.1:5001
** Writing PID file to tmp/pids/mongrel.5001.pid
/var/lib/gems/1.8/gems/activesupport-2.2.2/lib/active_support/dependencies.rb:310: [BUG] gc_sweep(): unknown data type 0x0(0xb4450858)
ruby 1.8.7 (2010-01-10 patchlevel 249) [i486-linux]

** Daemonized, any open files are closed.  Look at tmp/pids/mongrel.5001.pid and log/mongrel.5001.log for info.
** Starting Mongrel listening at 127.0.0.1:5001
** Starting Rails with development environment...
** [NewRelic] New Relic RPM Agent Initialized: pid = 14605
** [NewRelic] Agent Log is found in /home/mitnik/workspace/railscode/log/newrelic_agent.5001.log
** [NewRelic] NewRelic Agent (Developer Mode) enabled.
** [NewRelic] To view performance information, go to http://localhost/newrelic
** Rails loaded.
** Loading any Rails specific GemPlugins
** Signals ready.  TERM => stop.  USR2 => restart.  INT => stop (no restart).
** Rails signals registered.  HUP => reload (without restart).  It might not work well.
** Mongrel 1.1.5 available at 127.0.0.1:5001
** Writing PID file to tmp/pids/mongrel.5001.pid
/var/lib/gems/1.8/gems/activesupport-2.2.2/lib/active_support/dependencies.rb:310: [BUG] gc_sweep(): unknown data type 0x0(0xb45b92f8)
ruby 1.8.7 (2010-01-10 patchlevel 249) [i486-linux]

** Daemonized, any open files are closed.  Look at tmp/pids/mongrel.5001.pid and log/mongrel.5001.log for info.
** Starting Mongrel listening at 127.0.0.1:5001
** Starting Rails with development environment...
** [NewRelic] New Relic RPM Agent Initialized: pid = 25953
** [NewRelic] Agent Log is found in /home/mitnik/workspace/railscode/log/newrelic_agent.5001.log
** [NewRelic] NewRelic Agent (Developer Mode) enabled.
** [NewRelic] To view performance information, go to http://localhost/newrelic
** Rails loaded.
** Loading any Rails specific GemPlugins
** Signals ready.  TERM => stop.  USR2 => restart.  INT => stop (no restart).
** Rails signals registered.  HUP => reload (without restart).  It might not work well.
** Mongrel 1.1.5 available at 127.0.0.1:5001
** Writing PID file to tmp/pids/mongrel.5001.pid
/var/lib/gems/1.8/gems/activesupport-2.2.2/lib/active_support/core_ext/module/introspection.rb:73: [BUG] gc_sweep(): unknown data type 0x0(0xb45e3698)
ruby 1.8.7 (2010-01-10 patchlevel 249) [i486-linux]

** Daemonized, any open files are closed.  Look at tmp/pids/mongrel.5001.pid and log/mongrel.5001.log for info.
** Starting Mongrel listening at 127.0.0.1:5001
** Starting Rails with development environment...
** [NewRelic] New Relic RPM Agent Initialized: pid = 21192
** [NewRelic] Agent Log is found in /home/mitnik/workspace/railscode/log/newrelic_agent.5001.log
** [NewRelic] NewRelic Agent (Developer Mode) enabled.
** [NewRelic] To view performance information, go to http://localhost/newrelic
** Rails loaded.
** Loading any Rails specific GemPlugins
** Signals ready.  TERM => stop.  USR2 => restart.  INT => stop (no restart).
** Rails signals registered.  HUP => reload (without restart).  It might not work well.
** Mongrel 1.1.5 available at 127.0.0.1:5001
** Writing PID file to tmp/pids/mongrel.5001.pid
** TERM signal received.
** Daemonized, any open files are closed.  Look at tmp/pids/mongrel.5001.pid and log/mongrel.5001.log for info.
** Starting Mongrel listening at 127.0.0.1:5001
** Starting Rails with development environment...
** [NewRelic] New Relic RPM Agent Initialized: pid = 24019
** [NewRelic] Agent Log is found in /home/mitnik/workspace/railscode/log/newrelic_agent.5001.log
** [NewRelic] NewRelic Agent (Developer Mode) enabled.
** [NewRelic] To view performance information, go to http://localhost/newrelic
** Rails loaded.
** Loading any Rails specific GemPlugins
** Signals ready.  TERM => stop.  USR2 => restart.  INT => stop (no restart).
** Rails signals registered.  HUP => reload (without restart).  It might not work well.
** Mongrel 1.1.5 available at 127.0.0.1:5001
** Writing PID file to tmp/pids/mongrel.5001.pid
/var/lib/gems/1.8/gems/activesupport-2.2.2/lib/active_support/dependencies.rb:311: [BUG] gc_sweep(): unknown data type 0x0(0xb45b01f8)
ruby 1.8.7 (2010-01-10 patchlevel 249) [i486-linux]

** Daemonized, any open files are closed.  Look at tmp/pids/mongrel.5001.pid and log/mongrel.5001.log for info.
** Starting Mongrel listening at 127.0.0.1:5001
** Starting Rails with development environment...
** [NewRelic] New Relic RPM Agent Initialized: pid = 24129
** [NewRelic] Agent Log is found in /home/mitnik/workspace/railscode/log/newrelic_agent.5001.log
** [NewRelic] NewRelic Agent (Developer Mode) enabled.
** [NewRelic] To view performance information, go to http://localhost/newrelic
** Rails loaded.
** Loading any Rails specific GemPlugins
** Signals ready.  TERM => stop.  USR2 => restart.  INT => stop (no restart).
** Rails signals registered.  HUP => reload (without restart).  It might not work well.
** Mongrel 1.1.5 available at 127.0.0.1:5001
** Writing PID file to tmp/pids/mongrel.5001.pid
** TERM signal received.
** Daemonized, any open files are closed.  Look at tmp/pids/mongrel.5001.pid and log/mongrel.5001.log for info.
** Starting Mongrel listening at 127.0.0.1:5001
** Starting Rails with development environment...
** [NewRelic] New Relic RPM Agent Initialized: pid = 2977
** [NewRelic] Agent Log is found in /home/mitnik/workspace/railscode/log/newrelic_agent.5001.log
** [NewRelic] NewRelic Agent (Developer Mode) enabled.
** [NewRelic] To view performance information, go to http://localhost/newrelic
** Rails loaded.
** Loading any Rails specific GemPlugins
** Signals ready.  TERM => stop.  USR2 => restart.  INT => stop (no restart).
** Rails signals registered.  HUP => reload (without restart).  It might not work well.
** Mongrel 1.1.5 available at 127.0.0.1:5001
** Writing PID file to tmp/pids/mongrel.5001.pid
** TERM signal received.
** Daemonized, any open files are closed.  Look at tmp/pids/mongrel.5001.pid and log/mongrel.5001.log for info.
** Starting Mongrel listening at 127.0.0.1:5001
** Starting Rails with development environment...
** [NewRelic] New Relic RPM Agent Initialized: pid = 22993
** [NewRelic] Agent Log is found in /home/mitnik/workspace/railscode/log/newrelic_agent.5001.log
** [NewRelic] NewRelic Agent (Developer Mode) enabled.
** [NewRelic] To view performance information, go to http://localhost/newrelic
** Rails loaded.
** Loading any Rails specific GemPlugins
** Signals ready.  TERM => stop.  USR2 => restart.  INT => stop (no restart).
** Rails signals registered.  HUP => reload (without restart).  It might not work well.
** Mongrel 1.1.5 available at 127.0.0.1:5001
** Writing PID file to tmp/pids/mongrel.5001.pid
/var/lib/gems/1.8/gems/activesupport-2.2.2/lib/active_support/dependencies.rb:310: [BUG] gc_sweep(): unknown data type 0x0(0xb41ff84c)
ruby 1.8.7 (2010-01-10 patchlevel 249) [i486-linux]

** Daemonized, any open files are closed.  Look at tmp/pids/mongrel.5001.pid and log/mongrel.5001.log for info.
** Starting Mongrel listening at 127.0.0.1:5001
** Starting Rails with development environment...
** [NewRelic] New Relic RPM Agent Initialized: pid = 23120
** [NewRelic] Agent Log is found in /home/mitnik/workspace/railscode/log/newrelic_agent.5001.log
** [NewRelic] NewRelic Agent (Developer Mode) enabled.
** [NewRelic] To view performance information, go to http://localhost/newrelic
** Rails loaded.
** Loading any Rails specific GemPlugins
** Signals ready.  TERM => stop.  USR2 => restart.  INT => stop (no restart).
** Rails signals registered.  HUP => reload (without restart).  It might not work well.
** Mongrel 1.1.5 available at 127.0.0.1:5001
** Writing PID file to tmp/pids/mongrel.5001.pid
/var/lib/gems/1.8/gems/activesupport-2.2.2/lib/active_support/dependencies.rb:310: [BUG] gc_sweep(): unknown data type 0x0(0xb44771d8)
ruby 1.8.7 (2010-01-10 patchlevel 249) [i486-linux]

** Daemonized, any open files are closed.  Look at tmp/pids/mongrel.5001.pid and log/mongrel.5001.log for info.
** Starting Mongrel listening at 127.0.0.1:5001
** Starting Rails with development environment...
** [NewRelic] New Relic RPM Agent Initialized: pid = 23452
** [NewRelic] Agent Log is found in /home/mitnik/workspace/railscode/log/newrelic_agent.5001.log
** [NewRelic] NewRelic Agent (Developer Mode) enabled.
** [NewRelic] To view performance information, go to http://localhost/newrelic
** Rails loaded.
** Loading any Rails specific GemPlugins
** Signals ready.  TERM => stop.  USR2 => restart.  INT => stop (no restart).
** Rails signals registered.  HUP => reload (without restart).  It might not work well.
** Mongrel 1.1.5 available at 127.0.0.1:5001
** Writing PID file to tmp/pids/mongrel.5001.pid
/var/lib/gems/1.8/gems/activesupport-2.2.2/lib/active_support/dependencies.rb:311: [BUG] gc_sweep(): unknown data type 0x0(0xb4392f60)
ruby 1.8.7 (2010-01-10 patchlevel 249) [i486-linux]

** Daemonized, any open files are closed.  Look at tmp/pids/mongrel.5001.pid and log/mongrel.5001.log for info.
** Starting Mongrel listening at 127.0.0.1:5001
** Starting Rails with development environment...
** [NewRelic] New Relic RPM Agent Initialized: pid = 24543
** [NewRelic] Agent Log is found in /home/mitnik/workspace/railscode/log/newrelic_agent.5001.log
** [NewRelic] NewRelic Agent (Developer Mode) enabled.
** [NewRelic] To view performance information, go to http://localhost/newrelic
** Rails loaded.
** Loading any Rails specific GemPlugins
** Signals ready.  TERM => stop.  USR2 => restart.  INT => stop (no restart).
** Rails signals registered.  HUP => reload (without restart).  It might not work well.
** Mongrel 1.1.5 available at 127.0.0.1:5001
** Writing PID file to tmp/pids/mongrel.5001.pid
/var/lib/gems/1.8/gems/activesupport-2.2.2/lib/active_support/dependencies.rb:311: [BUG] gc_sweep(): unknown data type 0x0(0xb42ac3d0)
ruby 1.8.7 (2010-01-10 patchlevel 249) [i486-linux]

** Daemonized, any open files are closed.  Look at tmp/pids/mongrel.5001.pid and log/mongrel.5001.log for info.
** Starting Mongrel listening at 127.0.0.1:5001
** Starting Rails with development environment...
** [NewRelic] New Relic RPM Agent Initialized: pid = 24613
** [NewRelic] Agent Log is found in /home/mitnik/workspace/railscode/log/newrelic_agent.5001.log
** [NewRelic] NewRelic Agent (Developer Mode) enabled.
** [NewRelic] To view performance information, go to http://localhost/newrelic
** Rails loaded.
** Loading any Rails specific GemPlugins
** Signals ready.  TERM => stop.  USR2 => restart.  INT => stop (no restart).
** Rails signals registered.  HUP => reload (without restart).  It might not work well.
** Mongrel 1.1.5 available at 127.0.0.1:5001
** Writing PID file to tmp/pids/mongrel.5001.pid
/var/lib/gems/1.8/gems/activesupport-2.2.2/lib/active_support/dependencies.rb:310: [BUG] gc_sweep(): unknown data type 0x0(0xb3930680)
ruby 1.8.7 (2010-01-10 patchlevel 249) [i486-linux]

** Daemonized, any open files are closed.  Look at tmp/pids/mongrel.5001.pid and log/mongrel.5001.log for info.
** Starting Mongrel listening at 127.0.0.1:5001
** Starting Rails with development environment...
** [NewRelic] New Relic RPM Agent Initialized: pid = 24995
** [NewRelic] Agent Log is found in /home/mitnik/workspace/railscode/log/newrelic_agent.5001.log
** [NewRelic] NewRelic Agent (Developer Mode) enabled.
** [NewRelic] To view performance information, go to http://localhost/newrelic
** Rails loaded.
** Loading any Rails specific GemPlugins
** Signals ready.  TERM => stop.  USR2 => restart.  INT => stop (no restart).
** Rails signals registered.  HUP => reload (without restart).  It might not work well.
** Mongrel 1.1.5 available at 127.0.0.1:5001
** Writing PID file to tmp/pids/mongrel.5001.pid
** TERM signal received.
** Daemonized, any open files are closed.  Look at tmp/pids/mongrel.5001.pid and log/mongrel.5001.log for info.
** Starting Mongrel listening at 127.0.0.1:5001
** Starting Rails with development environment...
/var/lib/gems/1.8/gems/activesupport-2.2.2/lib/active_support/dependencies.rb:442:in `load_missing_constant': uninitialized constant ActionController::Dispatcher (NameError)
	from /var/lib/gems/1.8/gems/activesupport-2.2.2/lib/active_support/dependencies.rb:77:in `const_missing'
	from /var/lib/gems/1.8/gems/authlogic-oauth-1.0.8/rails/init.rb:5:in `evaluate_init_rb'
	from /var/lib/gems/1.8/gems/rails-2.2.2/lib/rails/plugin.rb:103:in `evaluate_init_rb'
	from /var/lib/gems/1.8/gems/activesupport-2.2.2/lib/active_support/core_ext/kernel/reporting.rb:11:in `silence_warnings'
	from /var/lib/gems/1.8/gems/rails-2.2.2/lib/rails/plugin.rb:99:in `evaluate_init_rb'
	from /var/lib/gems/1.8/gems/rails-2.2.2/lib/rails/plugin.rb:44:in `load'
	from /var/lib/gems/1.8/gems/rails-2.2.2/lib/rails/plugin/loader.rb:33:in `load_plugins'
	from /var/lib/gems/1.8/gems/rails-2.2.2/lib/rails/plugin/loader.rb:32:in `each'
	from /var/lib/gems/1.8/gems/rails-2.2.2/lib/rails/plugin/loader.rb:32:in `load_plugins'
	from /var/lib/gems/1.8/gems/rails-2.2.2/lib/initializer.rb:323:in `load_plugins'
	from /var/lib/gems/1.8/gems/rails-2.2.2/lib/initializer.rb:160:in `process'
	from /var/lib/gems/1.8/gems/rails-2.2.2/lib/initializer.rb:112:in `send'
	from /var/lib/gems/1.8/gems/rails-2.2.2/lib/initializer.rb:112:in `run'
	from /home/mitnik/workspace/railscode/config/environment.rb:26
	from /usr/lib/ruby/1.8/rubygems/custom_require.rb:31:in `gem_original_require'
	from /usr/lib/ruby/1.8/rubygems/custom_require.rb:31:in `require'
	from /usr/lib/ruby/1.8/mongrel/rails.rb:147:in `rails'
	from /usr/bin/mongrel_rails:114:in `cloaker_'
	from /usr/lib/ruby/1.8/mongrel/configurator.rb:149:in `call'
	from /usr/lib/ruby/1.8/mongrel/configurator.rb:149:in `listener'
	from /usr/bin/mongrel_rails:100:in `cloaker_'
	from /usr/lib/ruby/1.8/mongrel/configurator.rb:50:in `call'
	from /usr/lib/ruby/1.8/mongrel/configurator.rb:50:in `initialize'
	from /usr/bin/mongrel_rails:85:in `new'
	from /usr/bin/mongrel_rails:85:in `run'
	from /usr/lib/ruby/1.8/mongrel/command.rb:212:in `run'
	from /usr/bin/mongrel_rails:282
** Daemonized, any open files are closed.  Look at tmp/pids/mongrel.5001.pid and log/mongrel.5001.log for info.
** Starting Mongrel listening at 127.0.0.1:5001
** Starting Rails with development environment...
** [NewRelic] New Relic RPM Agent Initialized: pid = 24633
** [NewRelic] Agent Log is found in /home/mitnik/workspace/railscode/log/newrelic_agent.5001.log
** [NewRelic] NewRelic Agent (Developer Mode) enabled.
** [NewRelic] To view performance information, go to http://localhost/newrelic
** Erubis 2.6.6
** Rails loaded.
** Loading any Rails specific GemPlugins
** Signals ready.  TERM => stop.  USR2 => restart.  INT => stop (no restart).
** Rails signals registered.  HUP => reload (without restart).  It might not work well.
** Mongrel 1.1.5 available at 127.0.0.1:5001
** Writing PID file to tmp/pids/mongrel.5001.pid
** TERM signal received.
** Daemonized, any open files are closed.  Look at tmp/pids/mongrel.5001.pid and log/mongrel.5001.log for info.
** Starting Mongrel listening at 127.0.0.1:5001
** Starting Rails with development environment...
** [NewRelic] New Relic RPM Agent Initialized: pid = 27781
** [NewRelic] Agent Log is found in /home/mitnik/workspace/railscode/log/newrelic_agent.5001.log
** [NewRelic] NewRelic Agent (Developer Mode) enabled.
** [NewRelic] To view performance information, go to http://localhost/newrelic
** Rails loaded.
** Loading any Rails specific GemPlugins
** Signals ready.  TERM => stop.  USR2 => restart.  INT => stop (no restart).
** Rails signals registered.  HUP => reload (without restart).  It might not work well.
** Mongrel 1.1.5 available at 127.0.0.1:5001
** Writing PID file to tmp/pids/mongrel.5001.pid
** TERM signal received.
** Daemonized, any open files are closed.  Look at tmp/pids/mongrel.5001.pid and log/mongrel.5001.log for info.
** Starting Mongrel listening at 127.0.0.1:5001
** Starting Rails with development environment...
** [NewRelic] New Relic RPM Agent Initialized: pid = 27837
** [NewRelic] Agent Log is found in /home/mitnik/workspace/railscode/log/newrelic_agent.5001.log
** [NewRelic] NewRelic Agent (Developer Mode) enabled.
** [NewRelic] To view performance information, go to http://localhost/newrelic
** Rails loaded.
** Loading any Rails specific GemPlugins
** Signals ready.  TERM => stop.  USR2 => restart.  INT => stop (no restart).
** Rails signals registered.  HUP => reload (without restart).  It might not work well.
** Mongrel 1.1.5 available at 127.0.0.1:5001
** Writing PID file to tmp/pids/mongrel.5001.pid
** TERM signal received.
** Daemonized, any open files are closed.  Look at tmp/pids/mongrel.5001.pid and log/mongrel.5001.log for info.
** Starting Mongrel listening at 127.0.0.1:5001
** Starting Rails with development environment...
** [NewRelic] New Relic RPM Agent Initialized: pid = 9777
** [NewRelic] Agent Log is found in /home/mitnik/workspace/railscode/log/newrelic_agent.5001.log
** [NewRelic] NewRelic Agent (Developer Mode) enabled.
** [NewRelic] To view performance information, go to http://localhost/newrelic
** Rails loaded.
** Loading any Rails specific GemPlugins
** Signals ready.  TERM => stop.  USR2 => restart.  INT => stop (no restart).
** Rails signals registered.  HUP => reload (without restart).  It might not work well.
** Mongrel 1.1.5 available at 127.0.0.1:5001
** Writing PID file to tmp/pids/mongrel.5001.pid
/home/mitnik/workspace/railscode/vendor/rails/activesupport/lib/active_support/dependencies.rb:313: [BUG] gc_sweep(): unknown data type 0x0(0xb4e70284)
ruby 1.8.7 (2010-01-10 patchlevel 249) [i486-linux]

** Daemonized, any open files are closed.  Look at tmp/pids/mongrel.5001.pid and log/mongrel.5001.log for info.
** Starting Mongrel listening at 127.0.0.1:5001
** Starting Rails with development environment...
** [NewRelic] New Relic RPM Agent Initialized: pid = 9803
** [NewRelic] Agent Log is found in /home/mitnik/workspace/railscode/log/newrelic_agent.5001.log
** [NewRelic] NewRelic Agent (Developer Mode) enabled.
** [NewRelic] To view performance information, go to http://localhost/newrelic
** Rails loaded.
** Loading any Rails specific GemPlugins
** Signals ready.  TERM => stop.  USR2 => restart.  INT => stop (no restart).
** Rails signals registered.  HUP => reload (without restart).  It might not work well.
** Mongrel 1.1.5 available at 127.0.0.1:5001
** Writing PID file to tmp/pids/mongrel.5001.pid
** TERM signal received.
